2566-01-17 17:46:18,482 [INFO] Activator:179 - 


2566-01-17 17:46:18,483 [INFO] Activator:180 - !SESSION log4j initialized
2566-01-17 17:46:25,696 [INFO] McuFinderGlobals:52 - Set McuFinder mode to 2 (CubeIDE integrated)
2566-01-17 17:46:25,812 [INFO] ApplicationProperties:181 - Using Application install path: C:\ST\STM32CubeIDE_1.11.0\STM32CubeIDE\plugins\com.st.stm32cube.common.mx_6.7.0.202211181646
2566-01-17 17:46:25,823 [INFO] DbMcusXml:77 - Set database path to: C:\ST\STM32CubeIDE_1.11.0\STM32CubeIDE\plugins\com.st.stm32cube.common.mx_6.7.0.202211181646\\db\/mcu/
2566-01-17 17:46:25,823 [INFO] ApiDb:273 - Set plugin database path to: C:\ST\STM32CubeIDE_1.11.0\STM32CubeIDE\plugins\com.st.stm32cube.common.mx_6.7.0.202211181646\\db\/plugins/boardmanager/
2566-01-17 17:46:25,825 [WARN] ApiDb:258 - Overriding images path with different value:  => C:\ST\STM32CubeIDE_1.11.0\STM32CubeIDE\plugins\com.st.stm32cube.common.mx_6.7.0.202211181646\\db\/plugins/mcufinder/images/
2566-01-17 17:46:25,835 [INFO] ApiDb:249 - Set database path to: C:\Users\tucha\.stmcufinder\plugins\mcufinder//mcu/
2566-01-17 17:46:25,836 [INFO] DbMcusAds:124 - Set database path to: C:\Users\tucha\.stmcufinder\plugins\mcufinder//mcu/
2566-01-17 17:46:25,839 [INFO] CrossReferenceDbSqlite:202 - Set database path to: C:\Users\tucha\.stmcufinder\plugins\mcufinder//mcu/cs/
2566-01-17 17:46:25,915 [INFO] RulesReader:61 - Compatibility file has been processed (283 Rules)
2566-01-17 17:46:25,978 [INFO] DbMcusXml:77 - Set database path to: C:\ST\STM32CubeIDE_1.11.0\STM32CubeIDE\plugins\com.st.stm32cube.common.mx_6.7.0.202211181646\\db\/mcu/
2566-01-17 17:46:25,978 [INFO] ApiDb:273 - Set plugin database path to: C:\ST\STM32CubeIDE_1.11.0\STM32CubeIDE\plugins\com.st.stm32cube.common.mx_6.7.0.202211181646\\db\/plugins/boardmanager/
2566-01-17 17:46:25,979 [INFO] ApiDb:260 - Set plugin images path to: C:\ST\STM32CubeIDE_1.11.0\STM32CubeIDE\plugins\com.st.stm32cube.common.mx_6.7.0.202211181646\\db\/plugins/mcufinder/images/
2566-01-17 17:46:25,979 [WARN] DbFile:40 - Overriding database path with different value: C:\Users\tucha\.stmcufinder\plugins\mcufinder/ => C:\Users\tucha\.stmcufinder\plugins\mcufinder
2566-01-17 17:46:25,979 [INFO] ApiDb:249 - Set database path to: C:\Users\tucha\.stmcufinder\plugins\mcufinder//mcu/
2566-01-17 17:46:25,979 [WARN] DbFile:40 - Overriding database path with different value: C:\Users\tucha\.stmcufinder\plugins\mcufinder/ => C:\Users\tucha\.stmcufinder\plugins\mcufinder
2566-01-17 17:46:25,979 [INFO] DbMcusAds:124 - Set database path to: C:\Users\tucha\.stmcufinder\plugins\mcufinder//mcu/
2566-01-17 17:46:25,980 [WARN] DbFile:40 - Overriding database path with different value: C:\Users\tucha\.stmcufinder\plugins\mcufinder/ => C:\Users\tucha\.stmcufinder\plugins\mcufinder
2566-01-17 17:46:25,981 [WARN] DbFile:40 - Overriding database path with different value: C:\Users\tucha\.stmcufinder\plugins\mcufinder/ => C:\Users\tucha\.stmcufinder\plugins\mcufinder
2566-01-17 17:46:25,981 [INFO] CrossReferenceDbSqlite:202 - Set database path to: C:\Users\tucha\.stmcufinder\plugins\mcufinder//mcu/cs/
2566-01-17 17:46:26,031 [INFO] MainPanel:252 - HeapMemory: 268435456
2566-01-17 17:46:26,083 [INFO] DbMcusXml:77 - Set database path to: C:\ST\STM32CubeIDE_1.11.0\STM32CubeIDE\plugins\com.st.stm32cube.common.mx_6.7.0.202211181646\\db\/mcu/
2566-01-17 17:46:26,083 [INFO] ApiDb:273 - Set plugin database path to: C:\ST\STM32CubeIDE_1.11.0\STM32CubeIDE\plugins\com.st.stm32cube.common.mx_6.7.0.202211181646\\db\/plugins/boardmanager/
2566-01-17 17:46:26,083 [INFO] ApiDb:260 - Set plugin images path to: C:\ST\STM32CubeIDE_1.11.0\STM32CubeIDE\plugins\com.st.stm32cube.common.mx_6.7.0.202211181646\\db\/plugins/mcufinder/images/
2566-01-17 17:46:26,084 [WARN] DbFile:40 - Overriding database path with different value: C:\Users\tucha\.stmcufinder\plugins\mcufinder/ => C:\Users\tucha\.stmcufinder\plugins\mcufinder
2566-01-17 17:46:26,084 [INFO] ApiDb:249 - Set database path to: C:\Users\tucha\.stmcufinder\plugins\mcufinder//mcu/
2566-01-17 17:46:26,084 [WARN] DbFile:40 - Overriding database path with different value: C:\Users\tucha\.stmcufinder\plugins\mcufinder/ => C:\Users\tucha\.stmcufinder\plugins\mcufinder
2566-01-17 17:46:26,084 [INFO] DbMcusAds:124 - Set database path to: C:\Users\tucha\.stmcufinder\plugins\mcufinder//mcu/
2566-01-17 17:46:26,084 [WARN] DbFile:40 - Overriding database path with different value: C:\Users\tucha\.stmcufinder\plugins\mcufinder/ => C:\Users\tucha\.stmcufinder\plugins\mcufinder
2566-01-17 17:46:26,084 [WARN] DbFile:40 - Overriding database path with different value: C:\Users\tucha\.stmcufinder\plugins\mcufinder/ => C:\Users\tucha\.stmcufinder\plugins\mcufinder
2566-01-17 17:46:26,084 [INFO] CrossReferenceDbSqlite:202 - Set database path to: C:\Users\tucha\.stmcufinder\plugins\mcufinder//mcu/cs/
2566-01-17 17:46:26,097 [INFO] ApplicationProperties:181 - Using Application install path: C:\ST\STM32CubeIDE_1.11.0\STM32CubeIDE\plugins\com.st.stm32cube.common.mx_6.7.0.202211181646
2566-01-17 17:46:26,098 [INFO] PluginManage:193 - Search for loadable plugins [exclusion list=, ]
2566-01-17 17:46:26,099 [INFO] PluginManage:307 - Check plugin analytics
2566-01-17 17:46:26,209 [INFO] AnalyticsPlugin:262 - Accepted Software Licenses: 
2566-01-17 17:46:26,209 [INFO] AnalyticsPlugin:264 - Accepted CMSIS Pack Licenses: 
2566-01-17 17:46:26,210 [INFO] AnalyticsPlugin:266 - Accepted Firmware Licenses: FW.F4.1.27.0,FW.G4.1.5.0
2566-01-17 17:46:26,218 [INFO] PluginManage:356 - Loaded plugin analytics (category:tool,tabindex:-1)
2566-01-17 17:46:26,219 [INFO] PluginManage:307 - Check plugin cadmodel
2566-01-17 17:46:26,223 [INFO] CADModel:104 - Init CAD model plugin
2566-01-17 17:46:26,223 [INFO] PluginManage:356 - Loaded plugin cadmodel (category:power,tabindex:5)
2566-01-17 17:46:26,223 [INFO] PluginManage:307 - Check plugin clock
2566-01-17 17:46:26,230 [INFO] PluginManage:356 - Loaded plugin clock (category:base,tabindex:2)
2566-01-17 17:46:26,230 [INFO] PluginManage:307 - Check plugin ddr
2566-01-17 17:46:26,232 [INFO] PluginManage:356 - Loaded plugin ddr (category:tool,tabindex:6)
2566-01-17 17:46:26,232 [INFO] PluginManage:307 - Check plugin filemanager
2566-01-17 17:46:26,357 [INFO] PluginManage:356 - Loaded plugin filemanager (category:base,tabindex:10)
2566-01-17 17:46:26,358 [INFO] PluginManage:307 - Check plugin ipmanager
2566-01-17 17:46:26,364 [INFO] PluginManage:356 - Loaded plugin ipmanager (category:base,tabindex:5)
2566-01-17 17:46:26,365 [INFO] PluginManage:307 - Check plugin lpbam
2566-01-17 17:46:26,371 [INFO] PluginManage:356 - Loaded plugin lpbam (category:base,tabindex:0)
2566-01-17 17:46:26,371 [INFO] PluginManage:307 - Check plugin pinoutandconfiguration
2566-01-17 17:46:26,378 [INFO] PluginManage:356 - Loaded plugin pinoutandconfiguration (category:base,tabindex:1)
2566-01-17 17:46:26,378 [INFO] PluginManage:307 - Check plugin pinoutconfig
2566-01-17 17:46:26,402 [INFO] PluginManage:356 - Loaded plugin pinoutconfig (category:base,tabindex:0)
2566-01-17 17:46:26,402 [INFO] PluginManage:307 - Check plugin power
2566-01-17 17:46:26,410 [INFO] PluginManage:356 - Loaded plugin power (category:power,tabindex:4)
2566-01-17 17:46:26,410 [INFO] PluginManage:307 - Check plugin projectmanager
2566-01-17 17:46:26,423 [INFO] PluginManage:356 - Loaded plugin projectmanager (category:projectmanager,tabindex:3)
2566-01-17 17:46:26,423 [INFO] PluginManage:307 - Check plugin thirdparty
2566-01-17 17:46:26,503 [INFO] PluginManage:356 - Loaded plugin thirdparty (category:base,tabindex:-1)
2566-01-17 17:46:26,503 [WARN] IntegrityCheckThread:82 - waiting for thirdparty lock release [integrity check]
2566-01-17 17:46:26,503 [INFO] PluginManage:307 - Check plugin tools
2566-01-17 17:46:26,504 [INFO] IntegrityCheckThread:84 - entering critical section [integrity check]
2566-01-17 17:46:26,505 [INFO] ThirdPartyUpdaterWithRetryManager:70 - Updater plugin not ready yet. [1/15]
2566-01-17 17:46:26,506 [INFO] PluginManage:356 - Loaded plugin tools (category:base,tabindex:7)
2566-01-17 17:46:26,506 [INFO] PluginManage:307 - Check plugin tutovideos
2566-01-17 17:46:26,627 [INFO] PluginManage:356 - Loaded plugin tutovideos (category:base,tabindex:-1)
2566-01-17 17:46:26,627 [INFO] PluginManage:307 - Check plugin updater
2566-01-17 17:46:26,638 [INFO] PluginManage:356 - Loaded plugin updater (category:base,tabindex:12)
2566-01-17 17:46:26,639 [INFO] PluginManage:280 - PluginManage : Loaded plugins [15]
2566-01-17 17:46:26,807 [INFO] PinOutPanel:1477 - setPackage(No Configuration,No Configuration)
2566-01-17 17:46:26,854 [INFO] CADModel:164 - CPN selected for project level
2566-01-17 17:46:26,855 [INFO] CADModel:113 - Register for checkConnection events
2566-01-17 17:46:26,865 [INFO] IPUIPlugin:79 - create IPUIPlugin
2566-01-17 17:46:26,865 [INFO] PluginManager:219 - loadIPPluginJar : add adc
2566-01-17 17:46:26,866 [INFO] IPUIPlugin:79 - create IPUIPlugin
2566-01-17 17:46:26,866 [INFO] PluginManager:219 - loadIPPluginJar : add aes
2566-01-17 17:46:26,868 [INFO] IPUIPlugin:79 - create IPUIPlugin
2566-01-17 17:46:26,868 [INFO] PluginManager:219 - loadIPPluginJar : add can
2566-01-17 17:46:26,869 [INFO] IPUIPlugin:79 - create IPUIPlugin
2566-01-17 17:46:26,869 [INFO] PluginManager:219 - loadIPPluginJar : add comp
2566-01-17 17:46:26,870 [INFO] IPUIPlugin:79 - create IPUIPlugin
2566-01-17 17:46:26,870 [INFO] PluginManager:219 - loadIPPluginJar : add cryp
2566-01-17 17:46:26,872 [INFO] IPUIPlugin:79 - create IPUIPlugin
2566-01-17 17:46:26,872 [INFO] PluginManager:219 - loadIPPluginJar : add dfsdm
2566-01-17 17:46:26,876 [INFO] IPUIPlugin:79 - create IPUIPlugin
2566-01-17 17:46:26,876 [INFO] PluginManager:219 - loadIPPluginJar : add dma
2566-01-17 17:46:26,878 [INFO] IPUIPlugin:79 - create IPUIPlugin
2566-01-17 17:46:26,878 [INFO] PluginManager:219 - loadIPPluginJar : add dma3
2566-01-17 17:46:26,878 [INFO] IPUIPlugin:79 - create IPUIPlugin
2566-01-17 17:46:26,879 [INFO] PluginManager:219 - loadIPPluginJar : add fatfs
2566-01-17 17:46:26,881 [INFO] IPUIPlugin:79 - create IPUIPlugin
2566-01-17 17:46:26,881 [INFO] PluginManager:219 - loadIPPluginJar : add fmc
2566-01-17 17:46:26,885 [INFO] IPUIPlugin:79 - create IPUIPlugin
2566-01-17 17:46:26,885 [INFO] PluginManager:219 - loadIPPluginJar : add freertos
2566-01-17 17:46:26,885 [INFO] IPUIPlugin:79 - create IPUIPlugin
2566-01-17 17:46:26,885 [INFO] PluginManager:219 - loadIPPluginJar : add genericplugin
2566-01-17 17:46:26,887 [INFO] IPUIPlugin:79 - create IPUIPlugin
2566-01-17 17:46:26,887 [INFO] PluginManager:219 - loadIPPluginJar : add gfxmmu
2566-01-17 17:46:26,889 [INFO] IPUIPlugin:79 - create IPUIPlugin
2566-01-17 17:46:26,889 [INFO] PluginManager:219 - loadIPPluginJar : add gic
2566-01-17 17:46:26,891 [INFO] IPUIPlugin:79 - create IPUIPlugin
2566-01-17 17:46:26,892 [INFO] PluginManager:219 - loadIPPluginJar : add gpio
2566-01-17 17:46:26,893 [INFO] IPUIPlugin:79 - create IPUIPlugin
2566-01-17 17:46:26,893 [INFO] PluginManager:219 - loadIPPluginJar : add gtzc
2566-01-17 17:46:26,894 [INFO] IPUIPlugin:79 - create IPUIPlugin
2566-01-17 17:46:26,894 [INFO] PluginManager:219 - loadIPPluginJar : add hash
2566-01-17 17:46:26,896 [INFO] IPUIPlugin:79 - create IPUIPlugin
2566-01-17 17:46:26,896 [INFO] PluginManager:219 - loadIPPluginJar : add i2c
2566-01-17 17:46:26,897 [INFO] IPUIPlugin:79 - create IPUIPlugin
2566-01-17 17:46:26,897 [INFO] PluginManager:219 - loadIPPluginJar : add i2s
2566-01-17 17:46:26,899 [INFO] IPUIPlugin:79 - create IPUIPlugin
2566-01-17 17:46:26,899 [INFO] PluginManager:219 - loadIPPluginJar : add ipddr
2566-01-17 17:46:26,904 [INFO] IPUIPlugin:79 - create IPUIPlugin
2566-01-17 17:46:26,904 [INFO] PluginManager:219 - loadIPPluginJar : add linkedlist
2566-01-17 17:46:26,906 [INFO] IPUIPlugin:79 - create IPUIPlugin
2566-01-17 17:46:26,906 [INFO] PluginManager:219 - loadIPPluginJar : add lorawan
2566-01-17 17:46:26,907 [INFO] IPUIPlugin:79 - create IPUIPlugin
2566-01-17 17:46:26,907 [INFO] PluginManager:219 - loadIPPluginJar : add ltdc
2566-01-17 17:46:26,910 [INFO] IPUIPlugin:79 - create IPUIPlugin
2566-01-17 17:46:26,910 [INFO] PluginManager:219 - loadIPPluginJar : add mdma
2566-01-17 17:46:26,912 [INFO] IPUIPlugin:79 - create IPUIPlugin
2566-01-17 17:46:26,912 [INFO] PluginManager:219 - loadIPPluginJar : add nvic
2566-01-17 17:46:26,914 [INFO] IPUIPlugin:79 - create IPUIPlugin
2566-01-17 17:46:26,914 [INFO] PluginManager:219 - loadIPPluginJar : add opamp
2566-01-17 17:46:26,916 [INFO] IPUIPlugin:79 - create IPUIPlugin
2566-01-17 17:46:26,916 [INFO] PluginManager:219 - loadIPPluginJar : add openamp
2566-01-17 17:46:26,918 [INFO] IPUIPlugin:79 - create IPUIPlugin
2566-01-17 17:46:26,918 [INFO] PluginManager:219 - loadIPPluginJar : add pdm2pcm
2566-01-17 17:46:26,922 [INFO] IPUIPlugin:79 - create IPUIPlugin
2566-01-17 17:46:26,924 [INFO] PluginManager:219 - loadIPPluginJar : add plateformsettings
2566-01-17 17:46:26,925 [INFO] IPUIPlugin:79 - create IPUIPlugin
2566-01-17 17:46:26,925 [INFO] PluginManager:219 - loadIPPluginJar : add quadspi
2566-01-17 17:46:26,927 [INFO] IPUIPlugin:79 - create IPUIPlugin
2566-01-17 17:46:26,927 [INFO] PluginManager:219 - loadIPPluginJar : add resmgrutility
2566-01-17 17:46:26,929 [INFO] IPUIPlugin:79 - create IPUIPlugin
2566-01-17 17:46:26,929 [INFO] PluginManager:219 - loadIPPluginJar : add sai
2566-01-17 17:46:26,931 [INFO] IPUIPlugin:79 - create IPUIPlugin
2566-01-17 17:46:26,931 [INFO] PluginManager:219 - loadIPPluginJar : add spi
2566-01-17 17:46:26,933 [INFO] IPUIPlugin:79 - create IPUIPlugin
2566-01-17 17:46:26,934 [INFO] PluginManager:219 - loadIPPluginJar : add stm32_wpan
2566-01-17 17:46:26,935 [INFO] IPUIPlugin:79 - create IPUIPlugin
2566-01-17 17:46:26,935 [INFO] PluginManager:219 - loadIPPluginJar : add tim
2566-01-17 17:46:26,936 [INFO] IPUIPlugin:79 - create IPUIPlugin
2566-01-17 17:46:26,937 [INFO] PluginManager:219 - loadIPPluginJar : add touchsensing
2566-01-17 17:46:26,938 [INFO] IPUIPlugin:79 - create IPUIPlugin
2566-01-17 17:46:26,938 [INFO] PluginManager:219 - loadIPPluginJar : add tracer_emb
2566-01-17 17:46:26,939 [INFO] IPUIPlugin:79 - create IPUIPlugin
2566-01-17 17:46:26,939 [INFO] PluginManager:219 - loadIPPluginJar : add ts
2566-01-17 17:46:26,940 [INFO] IPUIPlugin:79 - create IPUIPlugin
2566-01-17 17:46:26,940 [INFO] PluginManager:219 - loadIPPluginJar : add tsc
2566-01-17 17:46:26,941 [INFO] IPUIPlugin:79 - create IPUIPlugin
2566-01-17 17:46:26,942 [INFO] PluginManager:219 - loadIPPluginJar : add ucpd
2566-01-17 17:46:26,943 [INFO] IPUIPlugin:79 - create IPUIPlugin
2566-01-17 17:46:26,943 [INFO] PluginManager:219 - loadIPPluginJar : add usart
2566-01-17 17:46:26,945 [INFO] IPUIPlugin:79 - create IPUIPlugin
2566-01-17 17:46:26,945 [INFO] PluginManager:219 - loadIPPluginJar : add usbx
2566-01-17 17:46:27,056 [INFO] CADModel:164 - CPN selected for project level
2566-01-17 17:46:27,056 [INFO] CADModel:113 - Register for checkConnection events
2566-01-17 17:46:27,056 [FATAL] Updater:308 - Updater called before beeing initialized
2566-01-17 17:46:27,057 [ERROR] CADModel:124 - Updater not yet initialized, retry later 
2566-01-17 17:46:27,156 [INFO] CADModel:164 - CPN selected for project level
2566-01-17 17:46:27,156 [INFO] CADModel:113 - Register for checkConnection events
2566-01-17 17:46:27,156 [FATAL] Updater:308 - Updater called before beeing initialized
2566-01-17 17:46:27,157 [ERROR] CADModel:124 - Updater not yet initialized, retry later 
2566-01-17 17:46:27,159 [FATAL] Updater:308 - Updater called before beeing initialized
2566-01-17 17:46:27,242 [FATAL] Updater:308 - Updater called before beeing initialized
2566-01-17 17:46:27,248 [INFO] DbMcusAds:52 - JSON generation date=Thu Sep 30 13:55:09 ICT 2021 (1632984909377)
2566-01-17 17:46:27,249 [FATAL] Updater:308 - Updater called before beeing initialized
2566-01-17 17:46:27,275 [WARN] DetailPanel:344 - Failed to get advertising image, set to default
2566-01-17 17:46:27,374 [FATAL] Updater:308 - Updater called before beeing initialized
2566-01-17 17:46:27,376 [FATAL] Updater:308 - Updater called before beeing initialized
2566-01-17 17:46:27,376 [FATAL] Updater:308 - Updater called before beeing initialized
2566-01-17 17:46:27,376 [WARN] DetailPanel:344 - Failed to get advertising image, set to default
2566-01-17 17:46:27,377 [FATAL] Updater:308 - Updater called before beeing initialized
2566-01-17 17:46:27,409 [ERROR] Updater:1120 - MainUpdater not yet initialized. External WinMGr cannot be set.
2566-01-17 17:46:27,410 [INFO] Updater:1056 - Updater Version found : 6.7.0
2566-01-17 17:46:27,426 [INFO] ApplicationProperties:181 - Using Application install path: C:\ST\STM32CubeIDE_1.11.0\STM32CubeIDE\plugins\com.st.stm32cube.common.mx_6.7.0.202211181646
2566-01-17 17:46:27,616 [INFO] MainUpdater:2800 - connection check result : 10
2566-01-17 17:46:27,617 [INFO] MainUpdater:282 - Updater Check For Update Now.
2566-01-17 17:46:27,618 [INFO] MicroXplorer:481 - Change Database Version : DB.6.0.70
2566-01-17 17:46:27,768 [INFO] CheckServerUpdateThread:119 - End of CheckServer Thread
2566-01-17 17:46:27,828 [INFO] MainUpdater:2800 - connection check result : 10
2566-01-17 17:46:28,074 [INFO] ApiDb:580 - Connected to CubeFinder SQLite database (C:\Users\tucha\.stmcufinder\plugins\mcufinder\mcu\cube-finder-db.db)
2566-01-17 17:46:28,118 [INFO] ApiDb:667 - CubeFinder database Data Model version=2.1
2566-01-17 17:46:28,118 [INFO] ApiDb:668 - CubeFinder database Configuration version=3.0.35
2566-01-17 17:46:28,118 [INFO] ApiDb:669 - CubeFinder database generation date=2022-12-20 (1671519758)
2566-01-17 17:46:28,118 [INFO] ApiDb:670 - CubeFinder database FW Pack versions=[FP-ATR-ASTRA1_V1.1.1, STM32Cube_FW_C0_V1.0.0, STM32Cube_FW_F4_V1.27.1, STM32Cube_FW_F7_V1.17.0, STM32Cube_FW_G0_V1.6.1, STM32Cube_FW_G4_V1.5.0, STM32Cube_FW_H5_V0.5.1, STM32Cube_FW_H7_V1.11.0, STM32Cube_FW_L5_V1.5.0, STM32Cube_FW_U5_V1.1.1, STM32Cube_FW_WBA_V0.2.0, STM32Cube_FW_WB_V1.15.0, STM32Cube_FW_WB_V1.15.0RC1, STM32Cube_FW_WL_V1.3.0, X-CUBE-ALGOBUILD_V1.3.0, X-CUBE-ALS_V1.0.1, X-CUBE-AZRTOS-F4_V1.1.0, X-CUBE-AZRTOS-F7_V1.1.0, X-CUBE-AZRTOS-G0_V1.1.0, X-CUBE-AZRTOS-G4_V1.0.0, X-CUBE-AZRTOS-H7_V2.1.0, X-CUBE-AZRTOS-L4_V1.0.0, X-CUBE-AZRTOS-L5_V1.0.0, X-CUBE-AZRTOS-WL_V1.0.0, X-CUBE-BLE1_V6.2.4, X-CUBE-BLE2_V3.3.0, X-CUBE-BLEMGR_V1.3.0, X-CUBE-EEPRMA1_V4.1.0, X-CUBE-GNSS1_V6.0.0, X-CUBE-MEMS1_V9.1.0, X-CUBE-MEMS1_V9.3.0, X-CUBE-MEMS1_V9.4.0, X-CUBE-NFC4_V2.0.5, X-CUBE-NFC7_V1.0.0, X-CUBE-SFXS2LP1_V4.0.0, X-CUBE-SUBG2_V5.0.0]
2566-01-17 17:46:29,468 [INFO] ApiDb:239 - Found 143 in-development CPN: [B-WB1M-WPAN1, B-WL5M-SUBG1, NUCLEO-C031C6, STEVAL-PROTEUS1, STEVAL-STWINBX1, STM320518-EVAL, STM32C0116-DK, STM32C011D6Y3TR, STM32C011D6Y6TR, STM32C011F4P3, STM32C011F4P6, STM32C011F4U3, STM32C011F4U6TR, STM32C011F6P3, STM32C011F6P6, STM32C011F6U3, STM32C011F6U6TR, STM32C011J4M3, STM32C011J4M6, STM32C011J6M3, STM32C011J6M6, STM32C0316-DK, STM32C031C4T3, STM32C031C4T6, STM32C031C4U3, STM32C031C4U6, STM32C031C6T3, STM32C031C6T6, STM32C031C6U3, STM32C031C6U6, STM32C031F4P3, STM32C031F4P6, STM32C031F6P3, STM32C031F6P6, STM32C031G4U3, STM32C031G4U6, STM32C031G6U3, STM32C031G6U6, STM32C031K4T3, STM32C031K4T6, STM32C031K4U3, STM32C031K4U6, STM32C031K6T3, STM32C031K6T6, STM32C031K6U3, STM32C031K6U6, STM32G071K8TXN, STM32G071K8UXN, STM32G081GBU6N, STM32G081KBT6N, STM32G081KBUXN, STM32G0B1CCT6N, STM32G0B1KCT6, STM32G0B1NEY6TR, STM32G0B1RCT6N, STM32G0C1CCT6, STM32G0C1CCT6N, STM32G0C1CCU6N, STM32G0C1CET6N, STM32G0C1CEU6N, STM32G0C1KCT6, STM32G0C1NEY6TR, STM32G0C1RCI6N, STM32G0C1RCT6N, STM32G0C1REI6N, STM32G0C1RET6N, STM32G0C1VCI6, STM32G0C1VEI6, STM32G471CCT6, STM32G471CCU6, STM32G471CET3, STM32G471CET6, STM32G471CEU3, STM32G471CEU6, STM32G471MCT6, STM32G471MET3, STM32G471MET6, STM32G471MEY6TR, STM32G471QCT6, STM32G471QET3, STM32G471RCT6, STM32G471RET3, STM32G471RET6, STM32G471VCH6, STM32G471VCI6, STM32G471VCT6, STM32G471VEH3, STM32G471VEH6, STM32G471VEI3, STM32G471VEI6, STM32G471VET3, STM32G471VET6, STM32G474CCT6, STM32L476VGY6PTR, STM32L4R5QGI6STR, STM32MP131AAE3, STM32MP131AAF3, STM32MP131AAG3, STM32MP131CAE3, STM32MP131CAF3, STM32MP131CAG3, STM32MP131DAE7, STM32MP131DAF7, STM32MP131DAG7, STM32MP131FAE7, STM32MP131FAF7, STM32MP131FAG7, STM32MP133AAE3, STM32MP133AAF3, STM32MP133AAG3, STM32MP133CAE3, STM32MP133CAF3, STM32MP133CAG3, STM32MP133DAE7, STM32MP133DAF7, STM32MP133DAG7, STM32MP133FAE7, STM32MP133FAF7, STM32MP133FAG7, STM32MP135AAE3, STM32MP135AAF3, STM32MP135AAG3, STM32MP135CAE3, STM32MP135CAF3, STM32MP135CAG3, STM32MP135DAE7, STM32MP135DAF7, STM32MP135DAG7, STM32MP135F-DK, STM32MP135FAE7, STM32MP135FAF7, STM32MP135FAF7T, STM32MP135FAF7U, STM32MP135FAG7, STM32U595ZJT6Q, STM32U599BJY6QTR, STM32U599NIH6Q, STM32U599NJH6Q, STM32U5A5ZJT6Q, STM32U5A9BJY6QTR, STM32U5A9NJH6Q, STM32WB1MMCH6, STM32WL5MOCH6TR]
2566-01-17 17:46:29,471 [INFO] DbMcus:215 - Found 3582 MCUs, 3582 are supported
2566-01-17 17:46:29,474 [INFO] ApiDb:422 - Load user favorites file C:\Users\tucha/.stm32cubeide/favorites.mcus.txt: 0 item(s)
2566-01-17 17:46:29,475 [INFO] ApiDb:426 - User favorites MCUs=[]
2566-01-17 17:46:29,475 [INFO] DbMcus:221 - Set 0 / 0 favorites MCUs
2566-01-17 17:46:29,597 [INFO] McuFinderGlobals:65 - Set McuFinderConnectedMode to true
2566-01-17 17:46:29,603 [INFO] MultiScanPanel:196 - Auto-refresh data requested => check proxy status ongoing
2566-01-17 17:46:29,605 [INFO] FinderPluginLoader:92 - Searching for filters in installed packs
2566-01-17 17:46:29,621 [WARN] PackLoader:242 - Cannot read IP mode file for STMicroelectronics.X-CUBE-GNSS1.6.0.0
2566-01-17 17:46:29,650 [WARN] PackLoader:242 - Cannot read IP mode file for STMicroelectronics.X-CUBE-AZRTOS-F4.1.1.0
2566-01-17 17:46:29,689 [WARN] PackLoader:242 - Cannot read IP mode file for STMicroelectronics.X-CUBE-AZRTOS-F7.1.1.0
2566-01-17 17:46:29,703 [WARN] PackLoader:242 - Cannot read IP mode file for STMicroelectronics.X-CUBE-BLE1.6.2.4
2566-01-17 17:46:29,721 [WARN] PackLoader:242 - Cannot read IP mode file for emotas.I-CUBE-CANOPEN.1.1.3
2566-01-17 17:46:29,732 [WARN] PackLoader:242 - Cannot read IP mode file for STMicroelectronics.X-CUBE-NFC4.2.0.5
2566-01-17 17:46:29,742 [WARN] PackLoader:242 - Cannot read IP mode file for wolfSSL.I-CUBE-wolfSSL.5.5.4
2566-01-17 17:46:29,750 [WARN] PackLoader:242 - Cannot read IP mode file for STMicroelectronics.X-CUBE-NFC7.1.0.0
2566-01-17 17:46:29,761 [WARN] PackLoader:242 - Cannot read IP mode file for STMicroelectronics.X-CUBE-EEPRMA1.4.1.0
2566-01-17 17:46:29,776 [WARN] PackLoader:242 - Cannot read IP mode file for STMicroelectronics.X-CUBE-SFXS2LP1.4.0.0
2566-01-17 17:46:29,787 [WARN] PackLoader:242 - Cannot read IP mode file for STMicroelectronics.X-CUBE-BLE2.3.3.0
2566-01-17 17:46:29,798 [WARN] PackLoader:242 - Cannot read IP mode file for STMicroelectronics.X-CUBE-DISPLAY.2.2.0
2566-01-17 17:46:29,814 [WARN] PackLoader:242 - Cannot read IP mode file for STMicroelectronics.X-CUBE-TOF1.3.2.0
2566-01-17 17:46:29,871 [WARN] PackLoader:242 - Cannot read IP mode file for STMicroelectronics.X-CUBE-AZRTOS-H7.3.0.0
2566-01-17 17:46:29,882 [WARN] PackLoader:242 - Cannot read IP mode file for STMicroelectronics.X-CUBE-ISPU.1.1.0
2566-01-17 17:46:29,895 [WARN] PackLoader:242 - Cannot read IP mode file for RoweBots.I-CUBE-UNISONRTOS.5.5.0-4
2566-01-17 17:46:29,902 [WARN] PackLoader:242 - Cannot read IP mode file for STMicroelectronics.X-CUBE-TOUCHGFX.4.21.0
2566-01-17 17:46:29,945 [WARN] PackLoader:242 - Cannot read IP mode file for STMicroelectronics.X-CUBE-MEMS1.9.4.0
2566-01-17 17:46:30,070 [WARN] PackLoader:242 - Cannot read IP mode file for STMicroelectronics.X-CUBE-AI.7.3.0
2566-01-17 17:46:30,077 [WARN] PackLoader:242 - Cannot read IP mode file for STMicroelectronics.X-CUBE-ALGOBUILD.1.3.0
2566-01-17 17:46:30,095 [WARN] PackLoader:242 - Cannot read IP mode file for STMicroelectronics.X-CUBE-AZRTOS-L5.1.1.0
2566-01-17 17:46:30,128 [WARN] PackLoader:242 - Cannot read IP mode file for STMicroelectronics.X-CUBE-AZRTOS-G0.1.1.0
2566-01-17 17:46:30,142 [WARN] PackLoader:242 - Cannot read IP mode file for STMicroelectronics.X-CUBE-SUBG2.5.0.0
2566-01-17 17:46:30,157 [WARN] PackLoader:242 - Cannot read IP mode file for STMicroelectronics.FP-ATR-ASTRA1.1.1.1
2566-01-17 17:46:30,169 [WARN] PackLoader:242 - Cannot read IP mode file for STMicroelectronics.X-CUBE-BLEMGR.1.3.0
2566-01-17 17:46:30,188 [WARN] PackLoader:242 - Cannot read IP mode file for STMicroelectronics.X-CUBE-AZRTOS-G4.1.0.0
2566-01-17 17:46:30,196 [WARN] PackLoader:242 - Cannot read IP mode file for STMicroelectronics.FP-ATR-SIGFOX1.3.2.0
2566-01-17 17:46:30,212 [WARN] PackLoader:242 - Cannot read IP mode file for STMicroelectronics.X-CUBE-AZRTOS-L4.1.0.0
2566-01-17 17:46:30,228 [WARN] PackLoader:242 - Cannot read IP mode file for STMicroelectronics.X-CUBE-AZRTOS-WL.1.0.0
2566-01-17 17:46:30,239 [WARN] PackLoader:242 - Cannot read IP mode file for portGmbH.I-Cube-SoM-uGOAL.1.1.0
2566-01-17 17:46:30,246 [WARN] PackLoader:242 - Cannot read IP mode file for STMicroelectronics.X-CUBE-ALS.1.0.1
2566-01-17 17:46:30,264 [WARN] PackLoader:242 - Cannot read IP mode file for STMicroelectronics.X-CUBE-AZRTOS-WB.1.1.0
2566-01-17 17:46:30,305 [WARN] PackLoader:242 - Cannot read IP mode file for SEGGER.I-CUBE-embOS.1.3.0
2566-01-17 17:46:30,344 [INFO] ThirdParty:947 - Integrity check success = true
2566-01-17 17:46:30,345 [INFO] IntegrityCheckThread:98 - exiting critical section [integrity check]
2566-01-17 17:46:30,345 [INFO] IntegrityCheckThread:101 - End integrity checks thread
2566-01-17 17:46:31,069 [INFO] LoadUrlFilesThread:179 - End of LoadServerUrlFiles without Thread
2566-01-17 17:46:31,084 [INFO] DetailPanel:339 - Set advertising image to C:/Users/tucha/STM32Cube/Repository/\en.Prom_NBSTM32U50921.jpg
2566-01-17 17:46:31,488 [INFO] ApiDb:667 - CubeFinder database Data Model version=2.1
2566-01-17 17:46:31,488 [INFO] ApiDb:668 - CubeFinder database Configuration version=3.0.35
2566-01-17 17:46:31,488 [INFO] ApiDb:669 - CubeFinder database generation date=2022-12-20 (1671519758)
2566-01-17 17:46:31,488 [INFO] ApiDb:670 - CubeFinder database FW Pack versions=[FP-ATR-ASTRA1_V1.1.1, STM32Cube_FW_C0_V1.0.0, STM32Cube_FW_F4_V1.27.1, STM32Cube_FW_F7_V1.17.0, STM32Cube_FW_G0_V1.6.1, STM32Cube_FW_G4_V1.5.0, STM32Cube_FW_H5_V0.5.1, STM32Cube_FW_H7_V1.11.0, STM32Cube_FW_L5_V1.5.0, STM32Cube_FW_U5_V1.1.1, STM32Cube_FW_WBA_V0.2.0, STM32Cube_FW_WB_V1.15.0, STM32Cube_FW_WB_V1.15.0RC1, STM32Cube_FW_WL_V1.3.0, X-CUBE-ALGOBUILD_V1.3.0, X-CUBE-ALS_V1.0.1, X-CUBE-AZRTOS-F4_V1.1.0, X-CUBE-AZRTOS-F7_V1.1.0, X-CUBE-AZRTOS-G0_V1.1.0, X-CUBE-AZRTOS-G4_V1.0.0, X-CUBE-AZRTOS-H7_V2.1.0, X-CUBE-AZRTOS-L4_V1.0.0, X-CUBE-AZRTOS-L5_V1.0.0, X-CUBE-AZRTOS-WL_V1.0.0, X-CUBE-BLE1_V6.2.4, X-CUBE-BLE2_V3.3.0, X-CUBE-BLEMGR_V1.3.0, X-CUBE-EEPRMA1_V4.1.0, X-CUBE-GNSS1_V6.0.0, X-CUBE-MEMS1_V9.1.0, X-CUBE-MEMS1_V9.3.0, X-CUBE-MEMS1_V9.4.0, X-CUBE-NFC4_V2.0.5, X-CUBE-NFC7_V1.0.0, X-CUBE-SFXS2LP1_V4.0.0, X-CUBE-SUBG2_V5.0.0]
2566-01-17 17:46:31,531 [INFO] DbBoardsSqlite:225 - include board P-NUCLEO-WB55-NUCLEO as a kit item of type 'Nucleo-64'
2566-01-17 17:46:31,531 [INFO] DbBoardsSqlite:225 - include board P-NUCLEO-WB55-USBDONGLE as a kit item of type 'Nucleo USB Dongle'
2566-01-17 17:46:31,531 [INFO] DbBoardsSqlite:225 - include board STEVAL-IDP005V1 as a kit item of type 'Evaluation Board'
2566-01-17 17:46:31,531 [INFO] DbBoardsSqlite:225 - include board STEVAL-IDP005V2 as a kit item of type 'Evaluation Board'
2566-01-17 17:46:31,568 [INFO] ApiDb:239 - Found 143 in-development CPN: [B-WB1M-WPAN1, B-WL5M-SUBG1, NUCLEO-C031C6, STEVAL-PROTEUS1, STEVAL-STWINBX1, STM320518-EVAL, STM32C0116-DK, STM32C011D6Y3TR, STM32C011D6Y6TR, STM32C011F4P3, STM32C011F4P6, STM32C011F4U3, STM32C011F4U6TR, STM32C011F6P3, STM32C011F6P6, STM32C011F6U3, STM32C011F6U6TR, STM32C011J4M3, STM32C011J4M6, STM32C011J6M3, STM32C011J6M6, STM32C0316-DK, STM32C031C4T3, STM32C031C4T6, STM32C031C4U3, STM32C031C4U6, STM32C031C6T3, STM32C031C6T6, STM32C031C6U3, STM32C031C6U6, STM32C031F4P3, STM32C031F4P6, STM32C031F6P3, STM32C031F6P6, STM32C031G4U3, STM32C031G4U6, STM32C031G6U3, STM32C031G6U6, STM32C031K4T3, STM32C031K4T6, STM32C031K4U3, STM32C031K4U6, STM32C031K6T3, STM32C031K6T6, STM32C031K6U3, STM32C031K6U6, STM32G071K8TXN, STM32G071K8UXN, STM32G081GBU6N, STM32G081KBT6N, STM32G081KBUXN, STM32G0B1CCT6N, STM32G0B1KCT6, STM32G0B1NEY6TR, STM32G0B1RCT6N, STM32G0C1CCT6, STM32G0C1CCT6N, STM32G0C1CCU6N, STM32G0C1CET6N, STM32G0C1CEU6N, STM32G0C1KCT6, STM32G0C1NEY6TR, STM32G0C1RCI6N, STM32G0C1RCT6N, STM32G0C1REI6N, STM32G0C1RET6N, STM32G0C1VCI6, STM32G0C1VEI6, STM32G471CCT6, STM32G471CCU6, STM32G471CET3, STM32G471CET6, STM32G471CEU3, STM32G471CEU6, STM32G471MCT6, STM32G471MET3, STM32G471MET6, STM32G471MEY6TR, STM32G471QCT6, STM32G471QET3, STM32G471RCT6, STM32G471RET3, STM32G471RET6, STM32G471VCH6, STM32G471VCI6, STM32G471VCT6, STM32G471VEH3, STM32G471VEH6, STM32G471VEI3, STM32G471VEI6, STM32G471VET3, STM32G471VET6, STM32G474CCT6, STM32L476VGY6PTR, STM32L4R5QGI6STR, STM32MP131AAE3, STM32MP131AAF3, STM32MP131AAG3, STM32MP131CAE3, STM32MP131CAF3, STM32MP131CAG3, STM32MP131DAE7, STM32MP131DAF7, STM32MP131DAG7, STM32MP131FAE7, STM32MP131FAF7, STM32MP131FAG7, STM32MP133AAE3, STM32MP133AAF3, STM32MP133AAG3, STM32MP133CAE3, STM32MP133CAF3, STM32MP133CAG3, STM32MP133DAE7, STM32MP133DAF7, STM32MP133DAG7, STM32MP133FAE7, STM32MP133FAF7, STM32MP133FAG7, STM32MP135AAE3, STM32MP135AAF3, STM32MP135AAG3, STM32MP135CAE3, STM32MP135CAF3, STM32MP135CAG3, STM32MP135DAE7, STM32MP135DAF7, STM32MP135DAG7, STM32MP135F-DK, STM32MP135FAE7, STM32MP135FAF7, STM32MP135FAF7T, STM32MP135FAF7U, STM32MP135FAG7, STM32U595ZJT6Q, STM32U599BJY6QTR, STM32U599NIH6Q, STM32U599NJH6Q, STM32U5A5ZJT6Q, STM32U5A9BJY6QTR, STM32U5A9NJH6Q, STM32WB1MMCH6, STM32WL5MOCH6TR]
2566-01-17 17:46:31,654 [INFO] BoardInfo:879 - No configuration file found for board P-NUCLEO-WB55
2566-01-17 17:46:31,654 [INFO] DbBoards:156 - Kit is not supported: P-NUCLEO-WB55
2566-01-17 17:46:31,659 [INFO] BoardInfo:879 - No configuration file found for board STEVAL-BFA001V1B
2566-01-17 17:46:31,659 [INFO] DbBoards:156 - Kit is not supported: STEVAL-BFA001V1B
2566-01-17 17:46:31,661 [INFO] BoardInfo:879 - No configuration file found for board STEVAL-BFA001V2B
2566-01-17 17:46:31,661 [INFO] DbBoards:156 - Kit is not supported: STEVAL-BFA001V2B
2566-01-17 17:46:31,755 [INFO] DbBoards:160 - Found 179 boards, 176 are supported
2566-01-17 17:46:31,760 [INFO] ApiDb:422 - Load user favorites file C:\Users\tucha/.stm32cubeide/favorites.boards.txt: 0 item(s)
2566-01-17 17:46:31,760 [INFO] ApiDb:426 - User favorites Boards=[]
2566-01-17 17:46:31,760 [INFO] DbBoards:189 - Set 0 / 0 favorites Boards
2566-01-17 17:46:36,862 [INFO] MultiScanPanel:196 - Auto-refresh data requested => check proxy status ongoing
2566-01-17 17:46:36,935 [INFO] LoadUrlFilesThread:179 - End of LoadServerUrlFiles without Thread
2566-01-17 17:46:36,935 [INFO] DetailPanel:339 - Set advertising image to C:/Users/tucha/STM32Cube/Repository/\en.Prom_NBSTM32U50921.jpg
2566-01-17 17:46:36,944 [INFO] DbBoards:633 - Loading board mini-images...
2566-01-17 17:46:37,001 [ERROR] DbBoards:650 - Image file not found for board B-WL5M-SUBG1: C:\Users\tucha\.stmcufinder\plugins\mcufinder//mcu//boards_images/B-WL5M-SUBG1.jpg
2566-01-17 17:46:37,474 [ERROR] DbBoards:650 - Image file not found for board STEVAL-STWINBX1: C:\Users\tucha\.stmcufinder\plugins\mcufinder//mcu//boards_images/STEVAL-STWINBX1.jpg
2566-01-17 17:46:38,040 [INFO] DbBoards:656 - Loaded 177 board mini-images
2566-01-17 17:46:40,935 [ERROR] LogOutputStream:74 - [STDERR_REDIRECT] SLF4J: Failed to load class "org.slf4j.impl.StaticLoggerBinder".
2566-01-17 17:46:40,936 [ERROR] LogOutputStream:74 - [STDERR_REDIRECT] SLF4J: Defaulting to no-operation (NOP) logger implementation
2566-01-17 17:46:40,937 [ERROR] LogOutputStream:74 - [STDERR_REDIRECT] SLF4J: See http://www.slf4j.org/codes.html#StaticLoggerBinder for further details.
2566-01-17 17:47:12,580 [INFO] MainUpdater:2800 - connection check result : 10
2566-01-17 17:47:12,580 [INFO] MainUpdater:2800 - connection check result : 10
2566-01-17 17:47:12,593 [INFO] MicroXplorer:451 - Change Database Path : 
2566-01-17 17:47:12,593 [INFO] MicroXplorer:481 - Change Database Version : DB.6.0.70
2566-01-17 17:47:12,594 [WARN] ThirdParty:845 - waiting for thirdparty lock release [close project]
2566-01-17 17:47:12,594 [INFO] ThirdParty:847 - entering critical section [close project]
2566-01-17 17:47:12,595 [INFO] ThirdParty:857 - exiting critical section [close project]
2566-01-17 17:47:12,598 [INFO] PinOutPanel:1477 - setPackage(No Configuration,No Configuration)
2566-01-17 17:47:12,609 [INFO] UtilMem:74 - Begin LoadConfig() Used Memory: 390521256 Bytes (416284672)
2566-01-17 17:47:12,612 [INFO] OpenFileManager:307 - Change cursor
2566-01-17 17:47:12,632 [INFO] ProjectFactory:399 - No CPN specified for board NUCLEO-F411RE => set CPN to STM32F411RET6
2566-01-17 17:47:12,632 [INFO] Mcu:1925 - Initializing MCU STM32F411R(C-E)Tx STM32F411RETx STM32F411RET6
2566-01-17 17:47:13,637 [INFO] Context:654 - Trying to add GPIOservice into a context  which must be forbidden
2566-01-17 17:47:13,944 [INFO] Rule:225 - rule 117617 - U5Cobra4M][GTZC] default value MPCBB3 and MPCBB5 - Not Secured memory - MPCBB1 is applicable
2566-01-17 17:47:13,944 [INFO] Rule:225 - rule 117617 - U5Cobra4M][GTZC] default value MPCBB3 and MPCBB5 - Not Secured memory - MPCBB1 is applicable
2566-01-17 17:47:13,945 [INFO] Rule:225 - rule 117617 - U5Cobra4M][GTZC] default value MPCBB3 and MPCBB5 - Not Secured memory - MPCBB2 is applicable
2566-01-17 17:47:13,945 [INFO] Rule:225 - rule 117617 - U5Cobra4M][GTZC] default value MPCBB3 and MPCBB5 - Not Secured memory - MPCBB2 is applicable
2566-01-17 17:47:13,945 [INFO] Rule:225 - rule 117617 - U5Cobra4M][GTZC] default value MPCBB3 and MPCBB5 - Not Secured memory - MPCBB3 is applicable
2566-01-17 17:47:13,945 [INFO] Rule:225 - rule 117617 - U5Cobra4M][GTZC] default value MPCBB3 and MPCBB5 - Not Secured memory - MPCBB3 is applicable
2566-01-17 17:47:13,945 [INFO] Rule:225 - rule 117617 - U5Cobra4M][GTZC] default value MPCBB3 and MPCBB5 - Not Secured memory - MPCBB4 is applicable
2566-01-17 17:47:13,945 [INFO] Rule:225 - rule 117617 - U5Cobra4M][GTZC] default value MPCBB3 and MPCBB5 - Not Secured memory - MPCBB4 is applicable
2566-01-17 17:47:13,945 [INFO] Rule:225 - rule 117617 - U5Cobra4M][GTZC] default value MPCBB3 and MPCBB5 - Secured memory - MPCBB1 is applicable
2566-01-17 17:47:13,945 [INFO] Rule:225 - rule 117617 - U5Cobra4M][GTZC] default value MPCBB3 and MPCBB5 - Secured memory - MPCBB2 is applicable
2566-01-17 17:47:13,945 [INFO] Rule:225 - rule 117617 - U5Cobra4M][GTZC] default value MPCBB3 and MPCBB5 - Secured memory - MPCBB3 is applicable
2566-01-17 17:47:13,945 [INFO] Rule:225 - rule 117617 - U5Cobra4M][GTZC] default value MPCBB3 and MPCBB5 - Secured memory - MPCBB4 is applicable
2566-01-17 17:47:13,945 [INFO] Rule:225 - rule 117617 - U5Cobra4M][GTZC] default value MPCBB3 and MPCBB5 - Privileged memory - MPCBB1 is applicable
2566-01-17 17:47:13,945 [INFO] Rule:225 - rule 117617 - U5Cobra4M][GTZC] default value MPCBB3 and MPCBB5 - Privileged memory - MPCBB2 is applicable
2566-01-17 17:47:13,945 [INFO] Rule:225 - rule 117617 - U5Cobra4M][GTZC] default value MPCBB3 and MPCBB5 - Privileged memory - MPCBB3 is applicable
2566-01-17 17:47:13,945 [INFO] Rule:225 - rule 117617 - U5Cobra4M][GTZC] default value MPCBB3 and MPCBB5 - Privileged memory - MPCBB4 is applicable
2566-01-17 17:47:13,945 [INFO] Rule:225 - rule 117617 - U5Cobra4M][GTZC] default value MPCBB3 and MPCBB5 - Not Privileged memory - MPCBB1 is applicable
2566-01-17 17:47:13,945 [INFO] Rule:225 - rule 117617 - U5Cobra4M][GTZC] default value MPCBB3 and MPCBB5 - Not Privileged memory - MPCBB2 is applicable
2566-01-17 17:47:13,945 [INFO] Rule:225 - rule 117617 - U5Cobra4M][GTZC] default value MPCBB3 and MPCBB5 - Not Privileged memory - MPCBB3 is applicable
2566-01-17 17:47:13,945 [INFO] Rule:225 - rule 117617 - U5Cobra4M][GTZC] default value MPCBB3 and MPCBB5 - Not Privileged memory - MPCBB4 is applicable
2566-01-17 17:47:13,945 [INFO] Rule:225 - rule 117617 - U5Cobra4M][GTZC] default value MPCBB3 and MPCBB5 - Privileged memory - MPCBB1 is applicable
2566-01-17 17:47:13,945 [INFO] Rule:225 - rule 117617 - U5Cobra4M][GTZC] default value MPCBB3 and MPCBB5 - Privileged memory - MPCBB2 is applicable
2566-01-17 17:47:13,945 [INFO] Rule:225 - rule 117617 - U5Cobra4M][GTZC] default value MPCBB3 and MPCBB5 - Privileged memory - MPCBB3 is applicable
2566-01-17 17:47:13,945 [INFO] Rule:225 - rule 117617 - U5Cobra4M][GTZC] default value MPCBB3 and MPCBB5 - Privileged memory - MPCBB4 is applicable
2566-01-17 17:47:13,945 [INFO] Rule:225 - rule 117617 - U5Cobra4M][GTZC] default value MPCBB3 and MPCBB5 - Privileged memory - MPCBB1 is applicable
2566-01-17 17:47:13,946 [INFO] Rule:225 - rule 117617 - U5Cobra4M][GTZC] default value MPCBB3 and MPCBB5 - Privileged memory - MPCBB2 is applicable
2566-01-17 17:47:13,946 [INFO] Rule:225 - rule 117617 - U5Cobra4M][GTZC] default value MPCBB3 and MPCBB5 - Privileged memory - MPCBB3 is applicable
2566-01-17 17:47:13,946 [INFO] Rule:225 - rule 117617 - U5Cobra4M][GTZC] default value MPCBB3 and MPCBB5 - Privileged memory - MPCBB4 is applicable
2566-01-17 17:47:13,946 [INFO] Rule:225 - rule 117617 - U5Cobra4M][GTZC] default value MPCBB3 and MPCBB5 - Not Privileged memory - MPCBB1 is applicable
2566-01-17 17:47:13,946 [INFO] Rule:225 - rule 117617 - U5Cobra4M][GTZC] default value MPCBB3 and MPCBB5 - Not Privileged memory - MPCBB2 is applicable
2566-01-17 17:47:13,946 [INFO] Rule:225 - rule 117617 - U5Cobra4M][GTZC] default value MPCBB3 and MPCBB5 - Not Privileged memory - MPCBB3 is applicable
2566-01-17 17:47:13,946 [INFO] Rule:225 - rule 117617 - U5Cobra4M][GTZC] default value MPCBB3 and MPCBB5 - Not Privileged memory - MPCBB4 is applicable
2566-01-17 17:47:13,946 [INFO] Rule:225 - rule 117617 - U5Cobra4M][GTZC] default value MPCBB3 and MPCBB5 - Privileged memory - MPCBB1 is applicable
2566-01-17 17:47:13,946 [INFO] Rule:225 - rule 117617 - U5Cobra4M][GTZC] default value MPCBB3 and MPCBB5 - Privileged memory - MPCBB2 is applicable
2566-01-17 17:47:13,946 [INFO] Rule:225 - rule 117617 - U5Cobra4M][GTZC] default value MPCBB3 and MPCBB5 - Privileged memory - MPCBB3 is applicable
2566-01-17 17:47:13,946 [INFO] Rule:225 - rule 117617 - U5Cobra4M][GTZC] default value MPCBB3 and MPCBB5 - Privileged memory - MPCBB4 is applicable
2566-01-17 17:47:13,946 [INFO] Rule:225 - rule Rename SubGHz_Phy SUBGHZ_APPLICATION SUBGHZ_PINGPONG to SUBGHZ_ADV_APPLICATION is applicable
2566-01-17 17:47:13,946 [INFO] Rule:225 - rule Rename Enabled to IBEACON is applicable
2566-01-17 17:47:13,946 [INFO] Rule:225 - rule GTZC_S instance for project manager is applicable
2566-01-17 17:47:13,946 [INFO] Rule:225 - rule GTZC_S instance for context M33S is applicable
2566-01-17 17:47:13,946 [INFO] Rule:225 - rule GTZC_S instance value for IP GTZC is applicable
2566-01-17 17:47:13,946 [INFO] Rule:225 - rule GTZC_S instance for mcu.IP is applicable
2566-01-17 17:47:13,946 [INFO] Rule:225 - rule GTZC_S instance for VP is applicable
2566-01-17 17:47:13,946 [INFO] Rule:225 - rule GTZC_S instance for signal is applicable
2566-01-17 17:47:13,946 [INFO] Rule:225 - rule GTZC_S instance for mcu.Pin is applicable
2566-01-17 17:47:13,946 [INFO] Rule:225 - rule GTZC_S instance for VP is applicable
2566-01-17 17:47:13,946 [INFO] Rule:225 - rule GTZC_S instance for signal is applicable
2566-01-17 17:47:13,946 [INFO] Rule:225 - rule GTZC_S instance for mcu is applicable
2566-01-17 17:47:13,946 [INFO] Rule:225 - rule GTZC_S instance for mcu.Pin is applicable
2566-01-17 17:47:13,946 [INFO] Rule:225 - rule GTZC_S instance value for IP GTZC is applicable
2566-01-17 17:47:13,946 [INFO] Rule:225 - rule GTZC_S instance for project manager is applicable
2566-01-17 17:47:13,946 [INFO] Rule:225 - rule GTZC_S instance for context M33S is applicable
2566-01-17 17:47:13,946 [INFO] Rule:225 - rule GTZC_S instance for VP is applicable
2566-01-17 17:47:13,946 [INFO] Rule:225 - rule GTZC_S instance for signal is applicable
2566-01-17 17:47:13,946 [INFO] Rule:225 - rule SPDIFRX instance for mcu is applicable
2566-01-17 17:47:13,947 [INFO] Rule:225 - rule Rename Tracer Mode is applicable
2566-01-17 17:47:13,947 [INFO] Rule:225 - rule SPDIFRX instance value for IP SPDIFRX is applicable
2566-01-17 17:47:13,947 [INFO] Rule:225 - rule SPDIFRX instance for signal is applicable
2566-01-17 17:47:13,947 [INFO] Rule:225 - rule SPDIFRX instance for project manager is applicable
2566-01-17 17:47:13,947 [INFO] Rule:225 - rule SPDIFRX instance for project manager is applicable
2566-01-17 17:47:13,947 [INFO] Rule:225 - rule ADC Scan  fix with FW F7 is applicable
2566-01-17 17:47:13,947 [INFO] Rule:225 - rule ADC Scan  fix with FW F7 is applicable
2566-01-17 17:47:13,947 [INFO] Rule:225 - rule Add RTC Activate Clock Source is applicable
2566-01-17 17:47:13,947 [INFO] Rule:225 - rule Add RTC Activate Calendar 1 is applicable
2566-01-17 17:47:13,947 [INFO] Rule:225 - rule Add RTC Activate Calendar 2 is applicable
2566-01-17 17:47:13,947 [INFO] Rule:225 - rule Add RTC Activate Calendar 3 is applicable
2566-01-17 17:47:13,947 [INFO] Rule:225 - rule UART/USART TX Mode is applicable
2566-01-17 17:47:13,947 [INFO] Rule:225 - rule UART/USART RX Mode is applicable
2566-01-17 17:47:13,947 [INFO] Rule:225 - rule UART/USART RX TX Mode is applicable
2566-01-17 17:47:13,947 [INFO] Rule:225 - rule UART/USART PARITY NONE is applicable
2566-01-17 17:47:13,947 [INFO] Rule:225 - rule UART/USART PARITY EVEN is applicable
2566-01-17 17:47:13,947 [INFO] Rule:225 - rule UART/USART PARITY ODD is applicable
2566-01-17 17:47:13,947 [INFO] Rule:225 - rule USART StopBits 1 is applicable
2566-01-17 17:47:13,947 [INFO] Rule:225 - rule USART StopBits 2 is applicable
2566-01-17 17:47:13,947 [INFO] Rule:225 - rule USART StopBits 1.5 is applicable
2566-01-17 17:47:13,947 [INFO] Rule:225 - rule USART StopBits 0.5 is applicable
2566-01-17 17:47:13,947 [INFO] Rule:225 - rule UART/USART WORD LENGTH 7 is applicable
2566-01-17 17:47:13,947 [INFO] Rule:225 - rule UART/USART WORD LENGTH 8 is applicable
2566-01-17 17:47:13,948 [INFO] Rule:225 - rule UART/USART WORD LENGTH 9 is applicable
2566-01-17 17:47:13,948 [INFO] Rule:225 - rule Rename FMC NAND NCE signal is applicable
2566-01-17 17:47:13,948 [INFO] Rule:225 - rule Rename FMC NAND INT signal is applicable
2566-01-17 17:47:13,948 [INFO] Rule:225 - rule Change Default Value for LSE Drive Capability for WB family is applicable
2566-01-17 17:47:13,948 [INFO] Rule:225 - rule Change Default Value for ADC Clock Prescaler G0 family is applicable
2566-01-17 17:47:13,948 [INFO] Rule:225 - rule Change Default Value for ADC ExternalTrigConv L4 family is applicable
2566-01-17 17:47:13,948 [INFO] Rule:225 - rule Change Default Value for ADC ExternalTrigInjecConv L4 family is applicable
2566-01-17 17:47:13,948 [INFO] Rule:225 - rule Change Default Value for ADC ExternalTrigConv F3 family is applicable
2566-01-17 17:47:13,948 [INFO] Rule:225 - rule Change Default Value for ADC ExternalTrigInjecConv F3 family is applicable
2566-01-17 17:47:13,948 [INFO] Rule:225 - rule Change Default Value for ADC ExternalTrigConv Goldfish serie is applicable
2566-01-17 17:47:13,948 [INFO] Rule:225 - rule Change Default Value for ADC ExternalTrigInjecConv Goldfish serie is applicable
2566-01-17 17:47:13,948 [INFO] Rule:225 - rule Change Default Value for ADC ExternalTrigConv L0 family is applicable
2566-01-17 17:47:13,948 [INFO] Rule:225 - rule Change Default Value for ADC ExternalTrigConv F0 family is applicable
2566-01-17 17:47:13,948 [INFO] Rule:225 - rule Change Default Value for ADC ExternalTrigConvn L1 family is applicable
2566-01-17 17:47:13,948 [INFO] Rule:225 - rule Change Default Value for ADC ExternalTrigInjecConv L1 family is applicable
2566-01-17 17:47:13,948 [INFO] Rule:225 - rule Change Default Value for ADC ExternalTrigConv F1 family is applicable
2566-01-17 17:47:13,948 [INFO] Rule:225 - rule Change Default Value for ADC ExternalTrigInjecConv F1 family is applicable
2566-01-17 17:47:13,948 [INFO] Rule:225 - rule Change Default Value for ADC ExternalTrigConv F7 family is applicable
2566-01-17 17:47:13,948 [INFO] Rule:225 - rule Change Default Value for ADC ExternalTrigInjecConv F7 family is applicable
2566-01-17 17:47:13,949 [INFO] Rule:225 - rule Change Default Value for ADC ExternalTrigConv F4 and F2 family is applicable
2566-01-17 17:47:13,949 [INFO] Rule:225 - rule Change Default Value for ADC ExternalTrigInjecConv F4 and F2 family is applicable
2566-01-17 17:47:13,949 [INFO] Rule:225 - rule ADC SamplingTime fix with FW L0  is applicable
2566-01-17 17:47:13,949 [INFO] Rule:225 - rule ADC SamplingTime fix with FW L0  is applicable
2566-01-17 17:47:13,949 [INFO] Rule:225 - rule ADC SamplingTime fix with FW L0 is applicable
2566-01-17 17:47:13,949 [INFO] Rule:225 - rule ADC SamplingTime fix with FW L0 is applicable
2566-01-17 17:47:13,949 [INFO] Rule:225 - rule ADC SamplingTime fix with FW L0  is applicable
2566-01-17 17:47:13,949 [INFO] Rule:225 - rule ADC SamplingTime fix with FW L0 is applicable
2566-01-17 17:47:13,949 [INFO] Rule:225 - rule Rename USB_OE Signal is applicable
2566-01-17 17:47:13,949 [INFO] Rule:225 - rule Rename Activate_OE Mode is applicable
2566-01-17 17:47:13,949 [INFO] Rule:225 - rule Rename DIE462/DIE415 pin PC14/OSC32_IN -> PC14-OSC32_IN (PC14) is applicable
2566-01-17 17:47:13,949 [INFO] Rule:225 - rule Rename DIE462/DIE415 pin PC15/OSC32_OUT -> PC15-OSC32_OUT (PC15) is applicable
2566-01-17 17:47:13,949 [INFO] Rule:225 - rule Rename DIE462/DIE415 pin PH0/OSC_IN -> PH0-OSC_IN (PH0) is applicable
2566-01-17 17:47:13,949 [INFO] Rule:225 - rule Rename DIE462/DIE415 pin PH1/OSC_OUT -> PH1-OSC_OUT (PH1) is applicable
2566-01-17 17:47:13,949 [INFO] Rule:225 - rule Rename DIE462 pin PA13 -> PA13 (JTMS/SWDIO) is applicable
2566-01-17 17:47:13,949 [INFO] Rule:225 - rule Rename DIE415 pin PA13 -> PA13 (JTMS/SWDIO) is applicable
2566-01-17 17:47:13,949 [INFO] Rule:225 - rule Rename DIE462 pin PA14 -> PA14 (JTCK/SWCLK) is applicable
2566-01-17 17:47:13,949 [INFO] Rule:225 - rule Rename DIE415 pin PA14 -> PA14 (JTCK/SWCLK) is applicable
2566-01-17 17:47:13,949 [INFO] Rule:225 - rule Rename DIE462/DIE415 pin PA15 -> PA15 (JTDI) is applicable
2566-01-17 17:47:13,950 [INFO] Rule:225 - rule Rename DIE462 pin PB3 -> PB3 (JTD0/TRACESWO) is applicable
2566-01-17 17:47:13,950 [INFO] Rule:225 - rule Rename DIE415 pin PB3 -> PB3 (JTD0-TRACESWO) is applicable
2566-01-17 17:47:13,950 [INFO] Rule:225 - rule Rename DIE462/DIE415 pin PB4 -> PB4 (NJTRST) is applicable
2566-01-17 17:47:13,950 [INFO] Rule:225 - rule Rename DIE462 pin PH3/BOOT0 -> PH3-BOOT0 (BOOT0) is applicable
2566-01-17 17:47:13,950 [INFO] Rule:225 - rule Rename CRYP DataEncryptionTypesList to Algorithm is applicable
2566-01-17 17:47:13,950 [INFO] Rule:225 - rule Rename AES DataEncryptionTypesList to Algorithm is applicable
2566-01-17 17:47:13,950 [INFO] Rule:225 - rule Rename TDESECB to CRYP_TDES_ECB is applicable
2566-01-17 17:47:13,950 [INFO] Rule:225 - rule Rename TDESCBC to CRYP_TDES_CBC is applicable
2566-01-17 17:47:13,950 [INFO] Rule:225 - rule Rename DESECB to CRYP_DES_ECB is applicable
2566-01-17 17:47:13,950 [INFO] Rule:225 - rule Rename DESCBC to CRYP_DES_CBC is applicable
2566-01-17 17:47:13,950 [INFO] Rule:225 - rule Rename AESECB to CRYP_AES_ECB is applicable
2566-01-17 17:47:13,950 [INFO] Rule:225 - rule Rename AESCBC to CRYP_AES_CBC is applicable
2566-01-17 17:47:13,950 [INFO] Rule:225 - rule Rename AESCTR to CRYP_AES_CTR is applicable
2566-01-17 17:47:13,950 [INFO] Rule:225 - rule Rename AESGCM to CRYP_AES_GCM is applicable
2566-01-17 17:47:13,950 [INFO] Rule:225 - rule Rename AESCCM to CRYP_AES_CCM is applicable
2566-01-17 17:47:13,950 [INFO] Rule:225 - rule Rename CAN TimeSeg1 to BS1 is applicable
2566-01-17 17:47:13,951 [INFO] Rule:225 - rule Rename CAN TimeSeg2 to BS2 is applicable
2566-01-17 17:47:13,951 [INFO] Rule:225 - rule Rename CAN SyncJumpWidth to SJW is applicable
2566-01-17 17:47:13,951 [INFO] Rule:225 - rule TimeTriggeredMode to TTCM is applicable
2566-01-17 17:47:13,951 [INFO] Rule:225 - rule Rename CAN AutoBusOff to ABOM is applicable
2566-01-17 17:47:13,951 [INFO] Rule:225 - rule Rename CAN AutoWakeUp to AWUM is applicable
2566-01-17 17:47:13,951 [INFO] Rule:225 - rule Rename CAN AutoRetransmission to NART is applicable
2566-01-17 17:47:13,951 [INFO] Rule:225 - rule Rename CAN ReceiveFifoLocked to RFLM is applicable
2566-01-17 17:47:13,951 [INFO] Rule:225 - rule Rename CAN TransmitFifoPriority to TXFP is applicable
2566-01-17 17:47:13,951 [INFO] Rule:225 - rule Rename HRTIMER HRTIM_OUTPUTFAULTLEVEL_HIGH in HRTIMER HRTIM_OUTPUTFAULTLEVEL_HIGHZ is applicable
2566-01-17 17:47:13,951 [INFO] Rule:225 - rule Rename TIMER TIM_CLEARINPUTSOURCE_OCREFCLR in  TIMER TIM_CLEARINPUTSOURCE_NONE for F7 family is applicable
2566-01-17 17:47:13,951 [INFO] Rule:225 - rule FDCAN_R1 - Rename FDCAN mode Master into Classic is applicable
2566-01-17 17:47:13,951 [INFO] Rule:225 - rule FDCAN_R2 - Rename FDCAN mode Slave into Classic is applicable
2566-01-17 17:47:13,951 [INFO] Rule:225 - rule FDCAN1_R3 - if PA10.Mode=FullDuplex, add Pin PA12 is applicable
2566-01-17 17:47:13,951 [INFO] Rule:225 - rule FDCAN1_R3 - if PA9.Mode=FullDuplex, add Pin PA11 is applicable
2566-01-17 17:47:13,951 [INFO] Rule:225 - rule FDCAN1_R3 - Alternatepin_1 - if PE1.Mode=FullDuplex, add Pin PB9 is applicable
2566-01-17 17:47:13,952 [INFO] Rule:225 - rule FDCAN1_R3 - Alternatepin_1 - if PE0.Mode=FullDuplex, add Pin PB8 is applicable
2566-01-17 17:47:13,952 [INFO] Rule:225 - rule FDCAN1_R3 - Alternatepin_2 - if PD5.Mode=FullDuplex, add Pin PD1 is applicable
2566-01-17 17:47:13,952 [INFO] Rule:225 - rule FDCAN1_R3 - Alternatepin_2 - if PD4.Mode=FullDuplex, add Pin PD0 is applicable
2566-01-17 17:47:13,952 [INFO] Rule:225 - rule FDCAN1_R4 - Rename Mode FullDuplex into Enable FDCAN_TXFD for pin PA10 is applicable
2566-01-17 17:47:13,952 [INFO] Rule:225 - rule FDCAN1_R4 - Rename Mode FullDuplex into Enable FDCAN_TXFD for pin PA9 is applicable
2566-01-17 17:47:13,952 [INFO] Rule:225 - rule FDCAN1_R4 - Alternatepin_1 - Rename Mode FullDuplex into Enable FDCAN_TXFD for pin PE1 is applicable
2566-01-17 17:47:13,952 [INFO] Rule:225 - rule FDCAN1_R4 - Alternatepin_1 - Rename Mode FullDuplex into Enable FDCAN_TXFD for pin PE0 is applicable
2566-01-17 17:47:13,952 [INFO] Rule:225 - rule FDCAN1_R4 - Alternatepin_2 - Rename Mode FullDuplex into Enable FDCAN_TXFD for pin PD5 is applicable
2566-01-17 17:47:13,952 [INFO] Rule:225 - rule FDCAN1_R4 - Alternatepin_2 - Rename Mode FullDuplex into Enable FDCAN_TXFD for pin PD4 is applicable
2566-01-17 17:47:13,952 [INFO] Rule:225 - rule FDCAN2_R3 - if PD10.Mode=FullDuplex, add Pin PB13 is applicable
2566-01-17 17:47:13,952 [INFO] Rule:225 - rule FDCAN2_R3 - if PD9.Mode=FullDuplex, add Pin PB12 is applicable
2566-01-17 17:47:13,952 [INFO] Rule:225 - rule FDCAN2_R3 - Alternatepin_1 - if PB7.Mode=FullDuplex, add Pin PB6 is applicable
2566-01-17 17:47:13,952 [INFO] Rule:225 - rule FDCAN2_R3 - Alternatepin_1 - if PD9.Mode=FullDuplex, add Pin PB12 is applicable
2566-01-17 17:47:13,952 [INFO] Rule:225 - rule FDCAN2_R4 - Rename Mode FullDuplex into Enable FDCAN_TXFD for pin PD10 is applicable
2566-01-17 17:47:13,952 [INFO] Rule:225 - rule FDCAN2_R4 - Rename Mode FullDuplex into Enable FDCAN_TXFD for pin PD9 is applicable
2566-01-17 17:47:13,952 [INFO] Rule:225 - rule FDCAN2_R4 - Alternatepin_1 - Rename Mode FullDuplex into Enable FDCAN_TXFD for pin PB7 is applicable
2566-01-17 17:47:13,952 [INFO] Rule:225 - rule FDCAN2_R4 - Alternatepin_1 - Rename Mode FullDuplex into Enable FDCAN_TXFD for pin PD6 is applicable
2566-01-17 17:47:13,952 [INFO] Rule:225 - rule USART TxPinLevelInvertParam Mode is applicable
2566-01-17 17:47:13,952 [INFO] Rule:225 - rule USART RxPinLevelInvertParam Mode is applicable
2566-01-17 17:47:13,952 [INFO] Rule:225 - rule USART DataInvertParam Mode is applicable
2566-01-17 17:47:13,952 [INFO] Rule:225 - rule USART SwapParam Mode is applicable
2566-01-17 17:47:13,952 [INFO] Rule:225 - rule USART OverrunDisableParam Mode is applicable
2566-01-17 17:47:13,952 [INFO] Rule:225 - rule USART DMADisableonRxErrorParam Mode is applicable
2566-01-17 17:47:13,953 [INFO] Rule:225 - rule USART MSBFirstParam Mode is applicable
2566-01-17 17:47:13,953 [INFO] Rule:225 - rule Update MwName for USB_DEVICE is applicable
2566-01-17 17:47:13,953 [INFO] Rule:225 - rule Change PWR_Regulator_Voltage_Scale Default Value for RCC  H7 family is applicable
2566-01-17 17:47:13,953 [INFO] Rule:225 - rule UART/USART IPParameter rename Prescaler parameter to ClockPrescaler is applicable
2566-01-17 17:47:13,953 [INFO] Rule:225 - rule UART/USART Prescaler rename Prescaler parameter to ClockPrescaler is applicable
2566-01-17 17:47:13,953 [INFO] Rule:225 - rule TIM1CLockSelection is applicable
2566-01-17 17:47:13,953 [INFO] Rule:225 - rule TIM15CLockSelection is applicable
2566-01-17 17:47:13,953 [INFO] Rule:225 - rule align RCC SDMMC3CLockSelection default value on MP1 is applicable
2566-01-17 17:47:13,953 [INFO] Rule:225 - rule align RCC SDMMC12CLockSelection default value on MP1 is applicable
2566-01-17 17:47:13,953 [INFO] Rule:225 - rule align RCC QSPICLockSelection default value on MP1 is applicable
2566-01-17 17:47:13,953 [INFO] Rule:225 - rule align RCC QSPICLockSelection default value on MP1 is applicable
2566-01-17 17:47:13,953 [INFO] Rule:225 - rule align RCC SPI6CLockSelection default value on MP1 is applicable
2566-01-17 17:47:13,953 [INFO] Rule:225 - rule align RCC LPTIM23CLockSelection default value on MP1 is applicable
2566-01-17 17:47:13,953 [INFO] Rule:225 - rule align RCC LPTIM1CLockSelection default value on MP1 is applicable
2566-01-17 17:47:13,953 [INFO] Rule:225 - rule align RCC USART1CLockSelection default value on MP1 is applicable
2566-01-17 17:47:13,953 [INFO] Rule:225 - rule align RCC USART24CLockSelection default value on MP1 is applicable
2566-01-17 17:47:13,953 [INFO] Rule:225 - rule align RCC USART6CLockSelection default value on MP1 is applicable
2566-01-17 17:47:13,953 [INFO] Rule:225 - rule align RCC UART78CLockSelection default value on MP1 is applicable
2566-01-17 17:47:13,954 [INFO] Rule:225 - rule align RCC USART35CLockSelection default value on MP1 is applicable
2566-01-17 17:47:13,954 [INFO] Rule:225 - rule align RCC SPI45CLockSelection default value on MP1 is applicable
2566-01-17 17:47:13,954 [INFO] Rule:225 - rule align RCC I2C46CLockSelection BCLK value on MP1 is applicable
2566-01-17 17:47:13,954 [INFO] Rule:225 - rule align RCC SPI45CLockSelection default value on MP1 is applicable
2566-01-17 17:47:13,954 [INFO] Rule:225 - rule align RCC I2C12CLockSelection default value on MP1 is applicable
2566-01-17 17:47:13,954 [INFO] Rule:225 - rule align RCC I2C35CLockSelection default value on MP1 is applicable
2566-01-17 17:47:13,954 [INFO] Rule:225 - rule align RCC LPTIM45CLockSelection default value on MP1 is applicable
2566-01-17 17:47:13,954 [INFO] Rule:225 - rule Rename DCMI PIXCK signal is applicable
2566-01-17 17:47:13,954 [INFO] Rule:225 - rule Change Default Value for I2C46CLockSelection MP1 family is applicable
2566-01-17 17:47:13,954 [INFO] Rule:225 - rule Change Default Value for UART for G4, G0 and WB families is applicable
2566-01-17 17:47:13,954 [INFO] Rule:225 - rule Change Default Value for USART for G4, G0 and WB families is applicable
2566-01-17 17:47:13,954 [INFO] Rule:225 - rule Change Default Value for USART for G4 family is applicable
2566-01-17 17:47:13,954 [INFO] Rule:225 - rule Change USART1CLockSelection refparam name for MP1 is applicable
2566-01-17 17:47:13,954 [INFO] Rule:225 - rule Change USART2CLockSelection refparam name for MP1 is applicable
2566-01-17 17:47:13,954 [INFO] Rule:225 - rule Change USART3CLockSelection refparam name for MP1 is applicable
2566-01-17 17:47:13,954 [INFO] Rule:225 - rule Change UART4CLockSelection refparam name for MP1 is applicable
2566-01-17 17:47:13,954 [INFO] Rule:225 - rule Change UART5CLockSelection refparam name for MP1 is applicable
2566-01-17 17:47:13,954 [INFO] Rule:225 - rule Change LPUART1CLockSelection refparam name for MP1 is applicable
2566-01-17 17:47:13,954 [INFO] Rule:225 - rule Change LPTIM1CLockSelection refparam name for MP1 is applicable
2566-01-17 17:47:13,954 [INFO] Rule:225 - rule Change LPTIM2CLockSelection refparam name for MP1 is applicable
2566-01-17 17:47:13,954 [INFO] Rule:225 - rule Change RCC_MCO1Source refparam name for MP1 is applicable
2566-01-17 17:47:13,954 [INFO] Rule:225 - rule Change LSCOSource1 refparam name for MP1 is applicable
2566-01-17 17:47:13,954 [INFO] Rule:225 - rule Change SMPSCLockSelection refparam name for MP1 is applicable
2566-01-17 17:47:13,954 [INFO] Rule:225 - rule Change LPTIM3CLockSelection refparam name for MP1 is applicable
2566-01-17 17:47:13,954 [INFO] Rule:225 - rule Change MPCBB* Default Template Mode to Parameters is applicable
2566-01-17 17:47:13,954 [INFO] Rule:225 - rule Change MPCWM* or MPCBB* Secure Mode to Parameters is applicable
2566-01-17 17:47:13,954 [INFO] Rule:225 - rule Change MPCWM* or MPCBB* No Secure Mode to Parameters is applicable
2566-01-17 17:47:13,954 [INFO] Rule:225 - rule Change TZSC IP Secure Mode to Parameters is applicable
2566-01-17 17:47:13,954 [INFO] Rule:225 - rule Change TZSC IP No Secure Mode to Parameters is applicable
2566-01-17 17:47:13,954 [INFO] Rule:225 - rule Change TZSC IP Privilege Mode to Parameters is applicable
2566-01-17 17:47:13,954 [INFO] Rule:225 - rule Change TZSC IP No Privilege Mode to Parameters is applicable
2566-01-17 17:47:13,955 [INFO] Rule:225 - rule Change TZIC IT Secure Mode to Parameters is applicable
2566-01-17 17:47:13,955 [INFO] Rule:225 - rule Change TZIC IT No Secure Mode to Parameters is applicable
2566-01-17 17:47:13,955 [INFO] Rule:225 - rule Add MPCBB1_NonSecureArea_Start_Address value with referenced to MPCBB1_NonSecureArea_Start value is applicable
2566-01-17 17:47:13,955 [INFO] Rule:225 - rule Add MPCBB2_NonSecureArea_Start_Address value with referenced to MPCBB2_NonSecureArea_Start value is applicable
2566-01-17 17:47:13,955 [INFO] Rule:225 - rule Add MPCWM1_NonSecureArea*_Start_Address value with referenced to MPCWM1_NonSecureArea*_Start value is applicable
2566-01-17 17:47:13,955 [INFO] Rule:225 - rule Add MPCWM2_NonSecureArea*_Start_Address value with referenced to MPCWM2_NonSecureArea*_Start value is applicable
2566-01-17 17:47:13,955 [INFO] Rule:225 - rule Add MPCWM3_NonSecureArea_Start_Address value with referenced to MPCWM3_NonSecureArea_Start value is applicable
2566-01-17 17:47:13,955 [INFO] Rule:225 - rule Change Default Value for PLL1UserDefinedConfig is applicable
2566-01-17 17:47:13,955 [INFO] Rule:225 - rule Change GPIO_PuPd Default Value for USART in async mode is applicable
2566-01-17 17:47:13,955 [INFO] Rule:225 - rule Change SMPSDivider Default Value is applicable
2566-01-17 17:47:13,955 [INFO] Rule:225 - rule OPAMP is applicable
2566-01-17 17:47:13,955 [INFO] Rule:225 - rule LPUART IPParameter rename Prescaler parameter to ClockPrescaler for STM32H7 is applicable
2566-01-17 17:47:13,955 [INFO] Rule:225 - rule LPUART IPParameter rename Prescaler parameter to ClockPrescaler for STM32H7 is applicable
2566-01-17 17:47:13,955 [INFO] Rule:225 - rule LPUART IPParameter rename Prescaler parameter to ClockPrescaler for STM32WB is applicable
2566-01-17 17:47:13,955 [INFO] Rule:225 - rule LPUART IPParameter rename Prescaler parameter to ClockPrescaler for STM32WB is applicable
2566-01-17 17:47:13,955 [INFO] Rule:225 - rule LPUART IPParameter rename Prescaler parameter to ClockPrescaler for STM32G4 is applicable
2566-01-17 17:47:13,955 [INFO] Rule:225 - rule LPUART IPParameter rename Prescaler parameter to ClockPrescaler for STM32G4 is applicable
2566-01-17 17:47:13,955 [INFO] Rule:225 - rule LPUART IPParameter rename Prescaler parameter to ClockPrescaler for STM32L5 is applicable
2566-01-17 17:47:13,955 [INFO] Rule:225 - rule LPUART IPParameter rename Prescaler parameter to ClockPrescaler for STM32L5 is applicable
2566-01-17 17:47:13,955 [INFO] Rule:225 - rule LPUART IPParameter rename Prescaler parameter to ClockPrescaler for STM32G4 is applicable
2566-01-17 17:47:13,955 [INFO] Rule:225 - rule LPUART IPParameter rename Prescaler parameter to ClockPrescaler for STM32G4 is applicable
2566-01-17 17:47:13,955 [INFO] Rule:225 - rule USB device lib V2.5.3 for L0 rename USBD_SUPPORT_USER_STRING parameter to USBD_SUPPORT_USER_STRING_DESC4 is applicable
2566-01-17 17:47:13,956 [INFO] Rule:225 - rule I2SCLockSelection clock entry align is applicable
2566-01-17 17:47:13,956 [INFO] Rule:225 - rule Assign TIMx context if used as SYS timebase is applicable
2566-01-17 17:47:13,956 [INFO] Rule:225 - rule Change GPIO_Pu Default Value for I2C is applicable
2566-01-17 17:47:13,956 [INFO] Rule:225 - rule Change GPIO_Pu Default Value for SMBus is applicable
2566-01-17 17:47:13,956 [INFO] Rule:225 - rule change FDCAN default value is applicable
2566-01-17 17:47:13,956 [INFO] Rule:225 - rule Change mode sai is applicable
2566-01-17 17:47:13,956 [INFO] Rule:225 - rule **Change sai mode is applicable
2566-01-17 17:47:13,970 [INFO] DbConfProperties:305 - Apply Compatibility (49/248 Rules)
2566-01-17 17:47:13,980 [INFO] ImportTextPane:193 - (OptionalMessage_ERROR) Unable to find key (Mcu.ThirdPartyNb) in loaded IOC file
2566-01-17 17:47:14,192 [INFO] RtosManager:489 - Registered RTOS mode: class=CMSIS, group=RTOS, mode=CMSIS_V1, owner=FREERTOS
2566-01-17 17:47:14,193 [INFO] RtosManager:489 - Registered RTOS mode: class=CMSIS, group=RTOS2, mode=CMSIS_V2, owner=FREERTOS
2566-01-17 17:47:14,193 [INFO] RtosManager:489 - Registered RTOS mode: class=RTOS, group=Core, mode=CMSIS_V1, owner=FREERTOS
2566-01-17 17:47:14,193 [INFO] RtosManager:489 - Registered RTOS mode: class=RTOS, group=Core, mode=CMSIS_V2, owner=FREERTOS
2566-01-17 17:47:14,194 [WARN] ModelIntegratedComponent:185 - Missing modes for component STMicroelectronics:FreeRTOS:0.0.1:STMicroelectronics:RTOS:FreeRTOS:Core:::10.2.0:
2566-01-17 17:47:14,203 [WARN] ModelIntegratedComponent:183 - Modes not found for component STMicroelectronics:USB_HOST:1.0.0:STMicroelectronics:USB::USB Host:Audio HS::1.0:USB_HOST_1_0_RESTRICTED_HS
2566-01-17 17:47:14,204 [WARN] ModelIntegratedComponent:189 - Modes not found for component STMicroelectronics:USB_HOST:1.0.0:STMicroelectronics:USB::USB Host:Audio HS::1.0:USB_HOST_1_0_RESTRICTED_HS
2566-01-17 17:47:14,204 [WARN] ModelIntegratedComponent:183 - Modes not found for component STMicroelectronics:USB_HOST:1.0.0:STMicroelectronics:USB::USB Host:CDC HS::1.0:USB_HOST_1_0_RESTRICTED_HS
2566-01-17 17:47:14,204 [WARN] ModelIntegratedComponent:189 - Modes not found for component STMicroelectronics:USB_HOST:1.0.0:STMicroelectronics:USB::USB Host:CDC HS::1.0:USB_HOST_1_0_RESTRICTED_HS
2566-01-17 17:47:14,204 [WARN] ModelIntegratedComponent:183 - Modes not found for component STMicroelectronics:USB_HOST:1.0.0:STMicroelectronics:USB::USB Host:MSC HS::1.0:USB_HOST_1_0_RESTRICTED_HS
2566-01-17 17:47:14,204 [WARN] ModelIntegratedComponent:189 - Modes not found for component STMicroelectronics:USB_HOST:1.0.0:STMicroelectronics:USB::USB Host:MSC HS::1.0:USB_HOST_1_0_RESTRICTED_HS
2566-01-17 17:47:14,204 [WARN] ModelIntegratedComponent:183 - Modes not found for component STMicroelectronics:USB_HOST:1.0.0:STMicroelectronics:USB::USB Host:HID HS::1.0:USB_HOST_1_0_RESTRICTED_HS
2566-01-17 17:47:14,204 [WARN] ModelIntegratedComponent:189 - Modes not found for component STMicroelectronics:USB_HOST:1.0.0:STMicroelectronics:USB::USB Host:HID HS::1.0:USB_HOST_1_0_RESTRICTED_HS
2566-01-17 17:47:14,204 [WARN] ModelIntegratedComponent:183 - Modes not found for component STMicroelectronics:USB_HOST:1.0.0:STMicroelectronics:USB::USB Host:MTP HS::1.0:USB_HOST_1_0_RESTRICTED_HS
2566-01-17 17:47:14,204 [WARN] ModelIntegratedComponent:189 - Modes not found for component STMicroelectronics:USB_HOST:1.0.0:STMicroelectronics:USB::USB Host:MTP HS::1.0:USB_HOST_1_0_RESTRICTED_HS
2566-01-17 17:47:14,211 [WARN] ModelIntegratedComponent:64 - No mode defined for component null
2566-01-17 17:47:14,212 [WARN] ModelIntegratedComponent:64 - No mode defined for component null
2566-01-17 17:47:14,212 [WARN] ModelIntegratedComponent:64 - No mode defined for component null
2566-01-17 17:47:14,212 [WARN] ModelIntegratedComponent:64 - No mode defined for component null
2566-01-17 17:47:14,212 [WARN] ModelIntegratedComponent:64 - No mode defined for component null
2566-01-17 17:47:14,212 [WARN] ModelIntegratedComponent:64 - No mode defined for component null
2566-01-17 17:47:14,212 [WARN] ModelIntegratedComponent:64 - No mode defined for component null
2566-01-17 17:47:14,212 [WARN] ModelIntegratedComponent:64 - No mode defined for component null
2566-01-17 17:47:14,212 [WARN] ModelIntegratedComponent:64 - No mode defined for component null
2566-01-17 17:47:14,212 [WARN] ModelIntegratedComponent:64 - No mode defined for component null
2566-01-17 17:47:14,212 [WARN] ModelIntegratedComponent:64 - No mode defined for component null
2566-01-17 17:47:14,213 [WARN] ModelIntegratedComponent:64 - No mode defined for component null
2566-01-17 17:47:14,213 [WARN] ModelIntegratedComponent:64 - No mode defined for component null
2566-01-17 17:47:14,213 [WARN] ModelIntegratedComponent:64 - No mode defined for component null
2566-01-17 17:47:14,213 [WARN] ModelIntegratedComponent:64 - No mode defined for component null
2566-01-17 17:47:14,213 [WARN] ModelIntegratedComponent:64 - No mode defined for component null
2566-01-17 17:47:14,213 [WARN] ModelIntegratedComponent:64 - No mode defined for component null
2566-01-17 17:47:14,213 [WARN] ModelIntegratedComponent:64 - No mode defined for component null
2566-01-17 17:47:14,213 [WARN] ModelIntegratedComponent:64 - No mode defined for component null
2566-01-17 17:47:14,214 [WARN] ModelIntegratedComponent:64 - No mode defined for component null
2566-01-17 17:47:14,214 [WARN] ModelIntegratedComponent:64 - No mode defined for component null
2566-01-17 17:47:14,214 [WARN] ModelIntegratedComponent:64 - No mode defined for component null
2566-01-17 17:47:14,214 [WARN] ModelIntegratedComponent:64 - No mode defined for component null
2566-01-17 17:47:14,214 [WARN] ModelIntegratedComponent:64 - No mode defined for component null
2566-01-17 17:47:14,214 [WARN] ModelIntegratedComponent:64 - No mode defined for component null
2566-01-17 17:47:14,214 [WARN] ModelIntegratedComponent:64 - No mode defined for component null
2566-01-17 17:47:14,214 [WARN] ModelIntegratedComponent:64 - No mode defined for component null
2566-01-17 17:47:14,214 [WARN] ModelIntegratedComponent:64 - No mode defined for component null
2566-01-17 17:47:14,215 [WARN] ModelIntegratedComponent:64 - No mode defined for component null
2566-01-17 17:47:14,215 [WARN] ModelIntegratedComponent:64 - No mode defined for component null
2566-01-17 17:47:14,215 [WARN] ModelIntegratedComponent:64 - No mode defined for component null
2566-01-17 17:47:14,215 [WARN] ModelIntegratedComponent:64 - No mode defined for component null
2566-01-17 17:47:14,215 [WARN] ModelIntegratedComponent:64 - No mode defined for component null
2566-01-17 17:47:14,219 [WARN] ModelIntegratedComponent:183 - Modes not found for component STMicroelectronics:USB_DEVICE:1.0.0:STMicroelectronics:USB::USB Device:Audio HS::1.0:USB_DEVICE_1_0_RESTRICTED_HS
2566-01-17 17:47:14,219 [WARN] ModelIntegratedComponent:189 - Modes not found for component STMicroelectronics:USB_DEVICE:1.0.0:STMicroelectronics:USB::USB Device:Audio HS::1.0:USB_DEVICE_1_0_RESTRICTED_HS
2566-01-17 17:47:14,219 [WARN] ModelIntegratedComponent:183 - Modes not found for component STMicroelectronics:USB_DEVICE:1.0.0:STMicroelectronics:USB::USB Device:CDC HS::1.0:USB_DEVICE_1_0_RESTRICTED_HS
2566-01-17 17:47:14,219 [WARN] ModelIntegratedComponent:189 - Modes not found for component STMicroelectronics:USB_DEVICE:1.0.0:STMicroelectronics:USB::USB Device:CDC HS::1.0:USB_DEVICE_1_0_RESTRICTED_HS
2566-01-17 17:47:14,219 [WARN] ModelIntegratedComponent:183 - Modes not found for component STMicroelectronics:USB_DEVICE:1.0.0:STMicroelectronics:USB::USB Device:DFU HS::1.0:USB_DEVICE_1_0_RESTRICTED_HS
2566-01-17 17:47:14,219 [WARN] ModelIntegratedComponent:189 - Modes not found for component STMicroelectronics:USB_DEVICE:1.0.0:STMicroelectronics:USB::USB Device:DFU HS::1.0:USB_DEVICE_1_0_RESTRICTED_HS
2566-01-17 17:47:14,220 [WARN] ModelIntegratedComponent:183 - Modes not found for component STMicroelectronics:USB_DEVICE:1.0.0:STMicroelectronics:USB::USB Device:HID HS::1.0:USB_DEVICE_1_0_RESTRICTED_HS
2566-01-17 17:47:14,220 [WARN] ModelIntegratedComponent:189 - Modes not found for component STMicroelectronics:USB_DEVICE:1.0.0:STMicroelectronics:USB::USB Device:HID HS::1.0:USB_DEVICE_1_0_RESTRICTED_HS
2566-01-17 17:47:14,220 [WARN] ModelIntegratedComponent:183 - Modes not found for component STMicroelectronics:USB_DEVICE:1.0.0:STMicroelectronics:USB::USB Device:Custom HID HS::1.0:USB_DEVICE_1_0_RESTRICTED_HS
2566-01-17 17:47:14,220 [WARN] ModelIntegratedComponent:189 - Modes not found for component STMicroelectronics:USB_DEVICE:1.0.0:STMicroelectronics:USB::USB Device:Custom HID HS::1.0:USB_DEVICE_1_0_RESTRICTED_HS
2566-01-17 17:47:14,220 [WARN] ModelIntegratedComponent:183 - Modes not found for component STMicroelectronics:USB_DEVICE:1.0.0:STMicroelectronics:USB::USB Device:MSC HS::1.0:USB_DEVICE_1_0_RESTRICTED_HS
2566-01-17 17:47:14,220 [WARN] ModelIntegratedComponent:189 - Modes not found for component STMicroelectronics:USB_DEVICE:1.0.0:STMicroelectronics:USB::USB Device:MSC HS::1.0:USB_DEVICE_1_0_RESTRICTED_HS
2566-01-17 17:47:14,248 [INFO] ThirdPartyModel:294 - Start build external matchings
2566-01-17 17:47:14,460 [INFO] ThirdPartyModel:310 - End build external matchings
2566-01-17 17:47:14,475 [INFO] ImportTextPane:193 - (OptionalMessage_ERROR) IP (RCC) : Parameter (48MHZClocksFreq_Value) has invalid value (84000000)
2566-01-17 17:47:14,477 [INFO] ImportTextPane:193 - (OptionalMessage_ERROR) IP (RCC) : Parameter (FLatency) has Id (AdvancedSettings) currently not set
2566-01-17 17:47:14,478 [INFO] ImportTextPane:193 - (OptionalMessage_ERROR) IP (RCC) : Parameter (RTCHSEDivFreq_Value) has invalid value (4000000)
2566-01-17 17:47:14,749 [INFO] UtilMem:74 - End LoadConfig() Used Memory: 463510816 Bytes (596639744)
2566-01-17 17:47:14,832 [WARN] ThirdParty:807 - waiting for thirdparty lock release [change project]
2566-01-17 17:47:14,833 [INFO] ThirdParty:809 - entering critical section [change project]
2566-01-17 17:47:14,833 [INFO] ThirdParty:999 - CMSIS Pack Vendor :STMicroelectronics X-CUBE-ISPU 1.1.0
2566-01-17 17:47:14,833 [INFO] ThirdParty:999 - CMSIS Pack Vendor :RoweBots I-CUBE-UNISONRTOS 5.5.0-4
2566-01-17 17:47:14,833 [INFO] ThirdParty:999 - CMSIS Pack Vendor :STMicroelectronics X-CUBE-GNSS1 6.0.0
2566-01-17 17:47:14,833 [INFO] ThirdParty:999 - CMSIS Pack Vendor :STMicroelectronics USB_HOST 2.0.0
2566-01-17 17:47:14,833 [INFO] ThirdParty:999 - CMSIS Pack Vendor :STMicroelectronics X-CUBE-AZRTOS-F4 1.1.0
2566-01-17 17:47:14,833 [INFO] ThirdParty:999 - CMSIS Pack Vendor :STMicroelectronics LIBJPEG 8.0.0
2566-01-17 17:47:14,833 [INFO] ThirdParty:999 - CMSIS Pack Vendor :STMicroelectronics USB_DEVICE 3.0.0
2566-01-17 17:47:14,833 [INFO] ThirdParty:999 - CMSIS Pack Vendor :STMicroelectronics X-CUBE-TOUCHGFX 4.21.0
2566-01-17 17:47:14,833 [INFO] ThirdParty:999 - CMSIS Pack Vendor :STMicroelectronics X-CUBE-AZRTOS-F7 1.1.0
2566-01-17 17:47:14,833 [INFO] ThirdParty:999 - CMSIS Pack Vendor :STMicroelectronics X-CUBE-MEMS1 9.4.0
2566-01-17 17:47:14,833 [INFO] ThirdParty:999 - CMSIS Pack Vendor :STMicroelectronics USB_DEVICE 2.0.0
2566-01-17 17:47:14,833 [INFO] ThirdParty:999 - CMSIS Pack Vendor :STMicroelectronics X-CUBE-AI 7.3.0
2566-01-17 17:47:14,833 [INFO] ThirdParty:999 - CMSIS Pack Vendor :STMicroelectronics X-CUBE-ALGOBUILD 1.3.0
2566-01-17 17:47:14,833 [INFO] ThirdParty:999 - CMSIS Pack Vendor :STMicroelectronics X-CUBE-BLE1 6.2.4
2566-01-17 17:47:14,833 [INFO] ThirdParty:999 - CMSIS Pack Vendor :STMicroelectronics X-CUBE-AZRTOS-L5 1.1.0
2566-01-17 17:47:14,833 [INFO] ThirdParty:999 - CMSIS Pack Vendor :STMicroelectronics FreeRTOS 0.0.1
2566-01-17 17:47:14,833 [INFO] ThirdParty:999 - CMSIS Pack Vendor :emotas I-CUBE-CANOPEN 1.1.3
2566-01-17 17:47:14,833 [INFO] ThirdParty:999 - CMSIS Pack Vendor :STMicroelectronics X-CUBE-AZRTOS-G0 1.1.0
2566-01-17 17:47:14,833 [INFO] ThirdParty:999 - CMSIS Pack Vendor :STMicroelectronics X-CUBE-SUBG2 5.0.0
2566-01-17 17:47:14,833 [INFO] ThirdParty:999 - CMSIS Pack Vendor :STMicroelectronics STM32_WPAN 1.0.0
2566-01-17 17:47:14,833 [INFO] ThirdParty:999 - CMSIS Pack Vendor :STMicroelectronics lwIP 2.0.3
2566-01-17 17:47:14,833 [INFO] ThirdParty:999 - CMSIS Pack Vendor :STMicroelectronics X-CUBE-NFC4 2.0.5
2566-01-17 17:47:14,833 [INFO] ThirdParty:999 - CMSIS Pack Vendor :STMicroelectronics USB_HOST 1.0.0
2566-01-17 17:47:14,834 [INFO] ThirdParty:999 - CMSIS Pack Vendor :STMicroelectronics PDM2PCM 3.1.0
2566-01-17 17:47:14,834 [INFO] ThirdParty:999 - CMSIS Pack Vendor :STMicroelectronics FP-ATR-ASTRA1 1.1.1
2566-01-17 17:47:14,834 [INFO] ThirdParty:999 - CMSIS Pack Vendor :STMicroelectronics PDM2PCM 3.3.0
2566-01-17 17:47:14,834 [INFO] ThirdParty:999 - CMSIS Pack Vendor :STMicroelectronics X-CUBE-BLEMGR 1.3.0
2566-01-17 17:47:14,834 [INFO] ThirdParty:999 - CMSIS Pack Vendor :STMicroelectronics X-CUBE-AZRTOS-G4 1.0.0
2566-01-17 17:47:14,834 [INFO] ThirdParty:999 - CMSIS Pack Vendor :STMicroelectronics FP-ATR-SIGFOX1 3.2.0
2566-01-17 17:47:14,834 [INFO] ThirdParty:999 - CMSIS Pack Vendor :wolfSSL I-CUBE-wolfSSL 5.5.4
2566-01-17 17:47:14,834 [INFO] ThirdParty:999 - CMSIS Pack Vendor :STMicroelectronics X-CUBE-AZRTOS-L4 1.0.0
2566-01-17 17:47:14,834 [INFO] ThirdParty:999 - CMSIS Pack Vendor :STMicroelectronics HAL Drivers 0.0.0
2566-01-17 17:47:14,834 [INFO] ThirdParty:999 - CMSIS Pack Vendor :STMicroelectronics MBEDTLS 2.16.2
2566-01-17 17:47:14,834 [INFO] ThirdParty:999 - CMSIS Pack Vendor :STMicroelectronics MBEDTLS 2.14.1
2566-01-17 17:47:14,834 [INFO] ThirdParty:999 - CMSIS Pack Vendor :STMicroelectronics X-CUBE-NFC7 1.0.0
2566-01-17 17:47:14,834 [INFO] ThirdParty:999 - CMSIS Pack Vendor :STMicroelectronics X-CUBE-AZRTOS-WL 1.0.0
2566-01-17 17:47:14,834 [INFO] ThirdParty:999 - CMSIS Pack Vendor :STMicroelectronics X-CUBE-EEPRMA1 4.1.0
2566-01-17 17:47:14,834 [INFO] ThirdParty:999 - CMSIS Pack Vendor :portGmbH I-Cube-SoM-uGOAL 1.1.0
2566-01-17 17:47:14,834 [INFO] ThirdParty:999 - CMSIS Pack Vendor :STMicroelectronics X-CUBE-ALS 1.0.1
2566-01-17 17:47:14,834 [INFO] ThirdParty:999 - CMSIS Pack Vendor :STMicroelectronics ThreadX 1.0.0
2566-01-17 17:47:14,834 [INFO] ThirdParty:999 - CMSIS Pack Vendor :STMicroelectronics X-CUBE-AZRTOS-WB 1.1.0
2566-01-17 17:47:14,834 [INFO] ThirdParty:999 - CMSIS Pack Vendor :STMicroelectronics USB_DEVICE 1.0.0
2566-01-17 17:47:14,834 [INFO] ThirdParty:999 - CMSIS Pack Vendor :SEGGER I-CUBE-embOS 1.3.0
2566-01-17 17:47:14,834 [INFO] ThirdParty:999 - CMSIS Pack Vendor :STMicroelectronics ThreadX 0.0.2
2566-01-17 17:47:14,834 [INFO] ThirdParty:999 - CMSIS Pack Vendor :STMicroelectronics lwIP 2.1.2
2566-01-17 17:47:14,834 [INFO] ThirdParty:999 - CMSIS Pack Vendor :STMicroelectronics X-CUBE-SFXS2LP1 4.0.0
2566-01-17 17:47:14,834 [INFO] ThirdParty:999 - CMSIS Pack Vendor :STMicroelectronics X-CUBE-BLE2 3.3.0
2566-01-17 17:47:14,834 [INFO] ThirdParty:999 - CMSIS Pack Vendor :STMicroelectronics X-CUBE-DISPLAY 2.2.0
2566-01-17 17:47:14,835 [INFO] ThirdParty:999 - CMSIS Pack Vendor :STMicroelectronics X-CUBE-TOF1 3.2.0
2566-01-17 17:47:14,835 [INFO] ThirdParty:999 - CMSIS Pack Vendor :STMicroelectronics PDM2PCM 3.2.0
2566-01-17 17:47:14,835 [INFO] ThirdParty:999 - CMSIS Pack Vendor :STMicroelectronics X-CUBE-AZRTOS-H7 3.0.0
2566-01-17 17:47:14,835 [INFO] ThirdParty:815 - exiting critical section [change project]
2566-01-17 17:47:15,144 [INFO] PinOutPanel:1477 - setPackage(No Configuration,No Configuration)
2566-01-17 17:47:15,146 [INFO] PinOutPanel:1477 - setPackage(STM32F411RETx,LQFP64)
2566-01-17 17:47:15,736 [INFO] UtilMem:74 - Before build in PCC Used Memory: 466384488 Bytes (596639744)
2566-01-17 17:47:16,391 [INFO] UtilMem:74 - After build in PCC Used Memory: 435448320 Bytes (596639744)
2566-01-17 17:47:16,420 [INFO] IPUIPlugin:79 - create IPUIPlugin
2566-01-17 17:47:16,421 [INFO] IPUIPlugin:79 - create IPUIPlugin
2566-01-17 17:47:16,421 [INFO] IPUIPlugin:79 - create IPUIPlugin
2566-01-17 17:47:16,421 [INFO] IPUIPlugin:79 - create IPUIPlugin
2566-01-17 17:47:16,422 [INFO] IPUIPlugin:79 - create IPUIPlugin
2566-01-17 17:47:16,422 [INFO] IPUIPlugin:79 - create IPUIPlugin
2566-01-17 17:47:16,422 [INFO] IPUIPlugin:79 - create IPUIPlugin
2566-01-17 17:47:16,422 [INFO] IPUIPlugin:79 - create IPUIPlugin
2566-01-17 17:47:16,422 [INFO] IPUIPlugin:79 - create IPUIPlugin
2566-01-17 17:47:16,423 [INFO] IPUIPlugin:79 - create IPUIPlugin
2566-01-17 17:47:16,423 [INFO] IPUIPlugin:79 - create IPUIPlugin
2566-01-17 17:47:16,423 [INFO] IPUIPlugin:79 - create IPUIPlugin
2566-01-17 17:47:16,423 [INFO] IPUIPlugin:79 - create IPUIPlugin
2566-01-17 17:47:16,423 [INFO] IPUIPlugin:79 - create IPUIPlugin
2566-01-17 17:47:16,424 [INFO] IPUIPlugin:79 - create IPUIPlugin
2566-01-17 17:47:16,424 [INFO] IPUIPlugin:79 - create IPUIPlugin
2566-01-17 17:47:16,424 [INFO] IPUIPlugin:79 - create IPUIPlugin
2566-01-17 17:47:16,424 [INFO] IPUIPlugin:79 - create IPUIPlugin
2566-01-17 17:47:16,425 [INFO] IPUIPlugin:79 - create IPUIPlugin
2566-01-17 17:47:16,425 [INFO] IPUIPlugin:79 - create IPUIPlugin
2566-01-17 17:47:16,425 [INFO] IPUIPlugin:79 - create IPUIPlugin
2566-01-17 17:47:16,425 [INFO] IPUIPlugin:79 - create IPUIPlugin
2566-01-17 17:47:16,426 [INFO] IPUIPlugin:79 - create IPUIPlugin
2566-01-17 17:47:16,426 [INFO] IPUIPlugin:79 - create IPUIPlugin
2566-01-17 17:47:16,427 [INFO] IPUIPlugin:79 - create IPUIPlugin
2566-01-17 17:47:16,427 [INFO] IPUIPlugin:79 - create IPUIPlugin
2566-01-17 17:47:16,427 [INFO] IPUIPlugin:79 - create IPUIPlugin
2566-01-17 17:47:16,427 [INFO] IPUIPlugin:79 - create IPUIPlugin
2566-01-17 17:47:16,428 [INFO] IPUIPlugin:79 - create IPUIPlugin
2566-01-17 17:47:16,428 [INFO] IPUIPlugin:79 - create IPUIPlugin
2566-01-17 17:47:16,428 [INFO] IPUIPlugin:79 - create IPUIPlugin
2566-01-17 17:47:16,428 [INFO] IPUIPlugin:79 - create IPUIPlugin
2566-01-17 17:47:16,429 [INFO] IPUIPlugin:79 - create IPUIPlugin
2566-01-17 17:47:16,429 [INFO] IPUIPlugin:79 - create IPUIPlugin
2566-01-17 17:47:16,429 [INFO] IPUIPlugin:79 - create IPUIPlugin
2566-01-17 17:47:16,430 [INFO] IPUIPlugin:79 - create IPUIPlugin
2566-01-17 17:47:16,430 [INFO] IPUIPlugin:79 - create IPUIPlugin
2566-01-17 17:47:16,431 [INFO] IPUIPlugin:79 - create IPUIPlugin
2566-01-17 17:47:16,431 [INFO] IPUIPlugin:79 - create IPUIPlugin
2566-01-17 17:47:16,432 [INFO] IPUIPlugin:79 - create IPUIPlugin
2566-01-17 17:47:16,432 [INFO] IPUIPlugin:79 - create IPUIPlugin
2566-01-17 17:47:16,433 [INFO] IPUIPlugin:79 - create IPUIPlugin
2566-01-17 17:47:16,433 [INFO] IPUIPlugin:79 - create IPUIPlugin
2566-01-17 17:47:16,494 [INFO] ApiDbMcu:505 - Load IP Config File for PDM2PCM
2566-01-17 17:47:16,734 [INFO] CADModel:164 - CPN selected for project levelSTM32F411RET6
2566-01-17 17:47:16,734 [INFO] CADModel:113 - Register for checkConnection events
2566-01-17 17:47:16,786 [INFO] OpenFileManager:327 - Restore cursor
2566-01-17 17:47:17,462 [INFO] UtilMem:74 - End SaveConfig() Used Memory: 507509504 Bytes (596639744)
2566-01-17 17:47:17,568 [INFO] UtilMem:74 - End SaveConfig() Used Memory: 422913200 Bytes (596639744)
2566-01-17 17:47:18,217 [INFO] BlockDiagram:2759 - set Specific Code input for plugin: NVIC
2566-01-17 17:47:18,218 [INFO] BlockDiagram:2759 - set Specific Code input for plugin: USART
2566-01-17 17:47:18,218 [INFO] BlockDiagram:2759 - set Specific Code input for plugin: SYS
2566-01-17 17:47:18,219 [INFO] BlockDiagram:2759 - set Specific Code input for plugin: GPIO
2566-01-17 17:47:18,219 [INFO] BlockDiagram:2759 - set Specific Code input for plugin: RCC
2566-01-17 17:47:18,221 [INFO] CodeGenerator:692 - code generatio: config db path: C:\ST\STM32CubeIDE_1.11.0\STM32CubeIDE\plugins\com.st.stm32cube.common.mx_6.7.0.202211181646\\db\
2566-01-17 17:47:18,586 [INFO] CodeEngine:247 - oldGeneratedFile, C:\FRA222_microcontroller\xyz\MXTmpFiles\license.tmp_save
2566-01-17 17:47:18,900 [INFO] CodeEngine:271 - Generated code: C:\FRA222_microcontroller\xyz\MXTmpFiles\license.tmp
2566-01-17 17:47:18,945 [INFO] CodeEngine:247 - oldGeneratedFile, C:\FRA222_microcontroller\xyz\MXTmpFiles\gpio.tmp_save
2566-01-17 17:47:19,090 [INFO] CodeEngine:271 - Generated code: C:\FRA222_microcontroller\xyz\MXTmpFiles\gpio.tmp
2566-01-17 17:47:19,178 [INFO] CodeEngine:247 - oldGeneratedFile, C:\FRA222_microcontroller\xyz\Core\Src\stm32f4xx_it.c_save
2566-01-17 17:47:19,333 [INFO] CodeEngine:271 - Generated code: C:\FRA222_microcontroller\xyz\Core\Src\stm32f4xx_it.c
2566-01-17 17:47:19,338 [INFO] CodeEngine:247 - oldGeneratedFile, C:\FRA222_microcontroller\xyz\Core\Inc\stm32f4xx_it.h_save
2566-01-17 17:47:19,411 [INFO] CodeEngine:271 - Generated code: C:\FRA222_microcontroller\xyz\Core\Inc\stm32f4xx_it.h
2566-01-17 17:47:19,425 [INFO] CodeEngine:247 - oldGeneratedFile, C:\FRA222_microcontroller\xyz\Core\Src\stm32f4xx_hal_msp.c_save
2566-01-17 17:47:19,576 [INFO] CodeEngine:271 - Generated code: C:\FRA222_microcontroller\xyz\Core\Src\stm32f4xx_hal_msp.c
2566-01-17 17:47:19,583 [INFO] CodeEngine:247 - oldGeneratedFile, C:\FRA222_microcontroller\xyz\MXTmpFiles\system.tmp_save
2566-01-17 17:47:19,663 [INFO] CodeEngine:271 - Generated code: C:\FRA222_microcontroller\xyz\MXTmpFiles\system.tmp
2566-01-17 17:47:19,673 [INFO] CodeEngine:303 - oldGeneratedFile, C:\FRA222_microcontroller\xyz\Core\Inc\stm32f4xx_hal_conf.h_save
2566-01-17 17:47:19,794 [INFO] CodeEngine:327 - Generated code: C:\FRA222_microcontroller\xyz\Core\Inc\stm32f4xx_hal_conf.h
2566-01-17 17:47:19,844 [INFO] CodeEngine:247 - oldGeneratedFile, C:\FRA222_microcontroller\xyz\Core\Inc\main.h_save
2566-01-17 17:47:19,932 [INFO] CodeEngine:271 - Generated code: C:\FRA222_microcontroller\xyz\Core\Inc\main.h
2566-01-17 17:47:19,936 [INFO] CodeEngine:247 - oldGeneratedFile, C:\FRA222_microcontroller\xyz\Core\Src\main.c_save
2566-01-17 17:47:20,076 [INFO] CodeEngine:271 - Generated code: C:\FRA222_microcontroller\xyz\Core\Src\main.c
2566-01-17 17:47:20,769 [INFO] ProjectBuilder:2919 - Time for Copy HAL[1] : 250mS.
2566-01-17 17:47:20,778 [INFO] ProjectBuilder:4183 - Project Generator version: 3.18.0-B7
2566-01-17 17:47:21,043 [INFO] ConfigFileManager:1396 - The Die is : DIE431
2566-01-17 17:47:21,048 [INFO] ApiDbMcu:505 - Load IP Config File for FATFS
2566-01-17 17:47:21,051 [INFO] ApiDbMcu:505 - Load IP Config File for FREERTOS
2566-01-17 17:47:21,053 [INFO] ApiDbMcu:505 - Load IP Config File for LIBJPEG
2566-01-17 17:47:21,057 [INFO] ApiDbMcu:505 - Load IP Config File for MBEDTLS
2566-01-17 17:47:21,063 [INFO] ApiDbMcu:505 - Load IP Config File for USB_DEVICE
2566-01-17 17:47:21,066 [INFO] ApiDbMcu:505 - Load IP Config File for USB_HOST
2566-01-17 17:47:22,999 [INFO] ProjectBuilder:4351 - Time for Generating toolchain IDE Files: 2221mS.
2566-01-17 17:47:23,001 [INFO] ProjectBuilder:2790 - Time for Copy CMSIS : 1mS.
2566-01-17 17:47:23,003 [INFO] ProjectBuilder:2790 - Time for Copy CMSIS : 0mS.
2566-01-17 17:47:23,584 [INFO] McuFinderGlobals:65 - Set McuFinderConnectedMode to true
2566-01-17 17:47:23,587 [INFO] ApiDb:447 - Save user favorites file C:\Users\tucha/.stm32cubeide/favorites.mcus.txt: 0 item(s)
2566-01-17 17:47:23,587 [INFO] ApiDb:451 - User favorites MCUs=[]
2566-01-17 17:47:23,588 [INFO] ApiDb:447 - Save user favorites file C:\Users\tucha/.stm32cubeide/favorites.boards.txt: 0 item(s)
2566-01-17 17:47:23,588 [INFO] ApiDb:451 - User favorites Boards=[]
2566-01-17 17:47:50,468 [INFO] UtilMem:74 - End SaveConfig() Used Memory: 656805248 Bytes (843055104)
2566-01-17 17:47:50,974 [INFO] BlockDiagram:2759 - set Specific Code input for plugin: NVIC
2566-01-17 17:47:50,975 [INFO] BlockDiagram:2759 - set Specific Code input for plugin: USART
2566-01-17 17:47:50,975 [INFO] BlockDiagram:2759 - set Specific Code input for plugin: SYS
2566-01-17 17:47:50,975 [INFO] BlockDiagram:2759 - set Specific Code input for plugin: GPIO
2566-01-17 17:47:50,976 [INFO] BlockDiagram:2759 - set Specific Code input for plugin: RCC
2566-01-17 17:47:50,980 [INFO] CodeGenerator:692 - code generatio: config db path: C:\ST\STM32CubeIDE_1.11.0\STM32CubeIDE\plugins\com.st.stm32cube.common.mx_6.7.0.202211181646\\db\
2566-01-17 17:47:51,219 [INFO] CodeEngine:247 - oldGeneratedFile, C:\FRA222_microcontroller\xyz\MXTmpFiles\license.tmp_save
2566-01-17 17:47:51,304 [INFO] CodeEngine:271 - Generated code: C:\FRA222_microcontroller\xyz\MXTmpFiles\license.tmp
2566-01-17 17:47:51,323 [INFO] CodeEngine:247 - oldGeneratedFile, C:\FRA222_microcontroller\xyz\MXTmpFiles\gpio.tmp_save
2566-01-17 17:47:51,390 [INFO] CodeEngine:271 - Generated code: C:\FRA222_microcontroller\xyz\MXTmpFiles\gpio.tmp
2566-01-17 17:47:51,435 [INFO] CodeEngine:247 - oldGeneratedFile, C:\FRA222_microcontroller\xyz\Core\Src\stm32f4xx_it.c_save
2566-01-17 17:47:51,501 [INFO] CodeEngine:271 - Generated code: C:\FRA222_microcontroller\xyz\Core\Src\stm32f4xx_it.c
2566-01-17 17:47:51,506 [INFO] CodeEngine:247 - oldGeneratedFile, C:\FRA222_microcontroller\xyz\Core\Inc\stm32f4xx_it.h_save
2566-01-17 17:47:51,553 [INFO] CodeEngine:271 - Generated code: C:\FRA222_microcontroller\xyz\Core\Inc\stm32f4xx_it.h
2566-01-17 17:47:51,565 [INFO] CodeEngine:247 - oldGeneratedFile, C:\FRA222_microcontroller\xyz\Core\Src\stm32f4xx_hal_msp.c_save
2566-01-17 17:47:51,635 [INFO] CodeEngine:271 - Generated code: C:\FRA222_microcontroller\xyz\Core\Src\stm32f4xx_hal_msp.c
2566-01-17 17:47:51,639 [INFO] CodeEngine:247 - oldGeneratedFile, C:\FRA222_microcontroller\xyz\MXTmpFiles\system.tmp_save
2566-01-17 17:47:51,684 [INFO] CodeEngine:271 - Generated code: C:\FRA222_microcontroller\xyz\MXTmpFiles\system.tmp
2566-01-17 17:47:51,694 [INFO] CodeEngine:303 - oldGeneratedFile, C:\FRA222_microcontroller\xyz\Core\Inc\stm32f4xx_hal_conf.h_save
2566-01-17 17:47:51,756 [INFO] CodeEngine:327 - Generated code: C:\FRA222_microcontroller\xyz\Core\Inc\stm32f4xx_hal_conf.h
2566-01-17 17:47:51,785 [INFO] CodeEngine:247 - oldGeneratedFile, C:\FRA222_microcontroller\xyz\Core\Inc\main.h_save
2566-01-17 17:47:51,839 [INFO] CodeEngine:271 - Generated code: C:\FRA222_microcontroller\xyz\Core\Inc\main.h
2566-01-17 17:47:51,847 [INFO] CodeEngine:247 - oldGeneratedFile, C:\FRA222_microcontroller\xyz\Core\Src\main.c_save
2566-01-17 17:47:51,913 [INFO] CodeEngine:271 - Generated code: C:\FRA222_microcontroller\xyz\Core\Src\main.c
2566-01-17 17:47:52,430 [INFO] ProjectBuilder:2919 - Time for Copy HAL[1] : 158mS.
2566-01-17 17:47:52,432 [INFO] ProjectBuilder:4183 - Project Generator version: 3.18.0-B7
2566-01-17 17:47:52,692 [INFO] ConfigFileManager:1396 - The Die is : DIE431
2566-01-17 17:47:53,646 [INFO] ProjectBuilder:4351 - Time for Generating toolchain IDE Files: 1214mS.
2566-01-17 17:47:53,647 [INFO] ProjectBuilder:2790 - Time for Copy CMSIS : 1mS.
2566-01-17 17:47:53,649 [INFO] ProjectBuilder:2790 - Time for Copy CMSIS : 0mS.
